Copyright 1986-2019 Xilinx, Inc. All Rights Reserved.
---------------------------------------------------------------------------------------
| Tool Version : Vivado v.2019.1 (win64) Build 2552052 Fri May 24 14:49:42 MDT 2019
| Date         : Sat Dec  7 23:18:29 2024
| Host         : DESKTOP-M13T56A running 64-bit major release  (build 9200)
| Command      : report_control_sets -verbose -file NEXYS4_DDR_control_sets_placed.rpt
| Design       : NEXYS4_DDR
| Device       : xc7a100t
---------------------------------------------------------------------------------------

Control Set Information

Table of Contents
-----------------
1. Summary
2. Histogram
3. Flip-Flop Distribution
4. Detailed Control Set Information

1. Summary
----------

+----------------------------------------------------------+-------+
|                          Status                          | Count |
+----------------------------------------------------------+-------+
| Total control sets                                       |   325 |
|    Minimum number of control sets                        |   325 |
|    Addition due to synthesis replication                 |     0 |
|    Addition due to physical synthesis replication        |     0 |
| Unused register locations in slices containing registers |  2077 |
+----------------------------------------------------------+-------+
* Control sets can be merged at opt_design using control_set_merge or merge_equivalent_drivers
** Run report_qor_suggestions for automated merging and remapping suggestions


2. Histogram
------------

+--------------------+-------+
|       Fanout       | Count |
+--------------------+-------+
| Total control sets |   325 |
| >= 0 to < 4        |   293 |
| >= 4 to < 6        |     2 |
| >= 6 to < 8        |     1 |
| >= 8 to < 10       |     7 |
| >= 10 to < 12      |     0 |
| >= 12 to < 14      |     2 |
| >= 14 to < 16      |     0 |
| >= 16              |    20 |
+--------------------+-------+
* Control sets can be remapped at either synth_design or opt_design


3. Flip-Flop Distribution
-------------------------

+--------------+-----------------------+------------------------+-----------------+--------------+
| Clock Enable | Synchronous Set/Reset | Asynchronous Set/Reset | Total Registers | Total Slices |
+--------------+-----------------------+------------------------+-----------------+--------------+
| No           | No                    | No                     |              13 |            7 |
| No           | No                    | Yes                    |               5 |            4 |
| No           | Yes                   | No                     |             320 |          307 |
| Yes          | No                    | No                     |              65 |           22 |
| Yes          | No                    | Yes                    |               0 |            0 |
| Yes          | Yes                   | No                     |             440 |          173 |
+--------------+-----------------------+------------------------+-----------------+--------------+


4. Detailed Control Set Information
-----------------------------------

+--------------------------------------------+------------------------------------------------+----------------------------------------------------+------------------+----------------+
|                Clock Signal                |                  Enable Signal                 |                  Set/Reset Signal                  | Slice Load Count | Bel Load Count |
+--------------------------------------------+------------------------------------------------+----------------------------------------------------+------------------+----------------+
|                                            |                                                | rst_reg_n_0                                        |                1 |              1 |
|  div_inst/quotient_reg[0][0]_LDC_i_1_n_0   |                                                | div_inst/quotient_reg[0][0]_LDC_i_2_n_0            |                1 |              1 |
|  div_inst/quotient_reg[0][11]_LDC_i_1_n_0  |                                                | div_inst/quotient_reg[0][11]_LDC_i_2_n_0           |                1 |              1 |
|  div_inst/quotient_reg[0][1]_LDC_i_1_n_0   |                                                | div_inst/quotient_reg[0][1]_LDC_i_2_n_0            |                1 |              1 |
|  div_inst/quotient_reg[0][12]_LDC_i_1_n_0  |                                                | div_inst/quotient_reg[0][12]_LDC_i_2_n_0           |                1 |              1 |
|  div_inst/quotient_reg[0][10]_LDC_i_1_n_0  |                                                | div_inst/quotient_reg[0][10]_LDC_i_2_n_0           |                1 |              1 |
|  div_inst/quotient_reg[0][2]_LDC_i_1_n_0   |                                                | div_inst/quotient_reg[0][2]_LDC_i_2_n_0            |                1 |              1 |
|  div_inst/quotient_reg[0][5]_LDC_i_1_n_0   |                                                | div_inst/quotient_reg[0][5]_LDC_i_2_n_0            |                1 |              1 |
|  div_inst/quotient_reg[0][4]_LDC_i_1_n_0   |                                                | div_inst/quotient_reg[0][4]_LDC_i_2_n_0            |                1 |              1 |
|  div_inst/quotient_reg[0][3]_LDC_i_1_n_0   |                                                | div_inst/quotient_reg[0][3]_LDC_i_2_n_0            |                1 |              1 |
|  div_inst/quotient_reg[0][6]_LDC_i_1_n_0   |                                                | div_inst/quotient_reg[0][6]_LDC_i_2_n_0            |                1 |              1 |
|  div_inst/quotient_reg[0][7]_LDC_i_1_n_0   |                                                | div_inst/quotient_reg[0][7]_LDC_i_2_n_0            |                1 |              1 |
|  div_inst/quotient_reg[0][8]_LDC_i_1_n_0   |                                                | div_inst/quotient_reg[0][8]_LDC_i_2_n_0            |                1 |              1 |
|  div_inst/quotient_reg[0][9]_LDC_i_1_n_0   |                                                | div_inst/quotient_reg[0][9]_LDC_i_2_n_0            |                1 |              1 |
|  div_inst/quotient_reg[1][0]_LDC_i_1_n_0   |                                                | div_inst/quotient_reg[1][0]_LDC_i_2_n_0            |                1 |              1 |
|  div_inst/quotient_reg[1][11]_LDC_i_1_n_0  |                                                | div_inst/quotient_reg[1][11]_LDC_i_2_n_0           |                1 |              1 |
|  div_inst/quotient_reg[1][12]_LDC_i_1_n_0  |                                                | div_inst/quotient_reg[1][12]_LDC_i_2_n_0           |                1 |              1 |
|  div_inst/quotient_reg[1][10]_LDC_i_1_n_0  |                                                | div_inst/quotient_reg[1][10]_LDC_i_2_n_0           |                1 |              1 |
|  div_inst/quotient_reg[1][1]_LDC_i_1_n_0   |                                                | div_inst/quotient_reg[1][1]_LDC_i_2_n_0            |                1 |              1 |
|  div_inst/quotient_reg[1][2]_LDC_i_1_n_0   |                                                | div_inst/quotient_reg[1][2]_LDC_i_2_n_0            |                1 |              1 |
|  div_inst/quotient_reg[1][3]_LDC_i_1_n_0   |                                                | div_inst/quotient_reg[1][3]_LDC_i_2_n_0            |                1 |              1 |
|  div_inst/quotient_reg[1][4]_LDC_i_1_n_0   |                                                | div_inst/quotient_reg[1][4]_LDC_i_2_n_0            |                1 |              1 |
|  div_inst/quotient_reg[1][5]_LDC_i_1_n_0   |                                                | div_inst/quotient_reg[1][5]_LDC_i_2_n_0            |                1 |              1 |
|  div_inst/quotient_reg[1][6]_LDC_i_1_n_0   |                                                | div_inst/quotient_reg[1][6]_LDC_i_2_n_0            |                1 |              1 |
|  div_inst/quotient_reg[1][9]_LDC_i_1_n_0   |                                                | div_inst/quotient_reg[1][9]_LDC_i_2_n_0            |                1 |              1 |
|  div_inst/quotient_reg[1][8]_LDC_i_1_n_0   |                                                | div_inst/quotient_reg[1][8]_LDC_i_2_n_0            |                1 |              1 |
|  div_inst/quotient_reg[1][7]_LDC_i_1_n_0   |                                                | div_inst/quotient_reg[1][7]_LDC_i_2_n_0            |                1 |              1 |
|  div_inst/quotient_reg[2][11]_LDC_i_1_n_0  |                                                | div_inst/quotient_reg[2][11]_LDC_i_2_n_0           |                1 |              1 |
|  div_inst/quotient_reg[2][12]_LDC_i_1_n_0  |                                                | div_inst/quotient_reg[2][12]_LDC_i_2_n_0           |                1 |              1 |
|  div_inst/quotient_reg[2][1]_LDC_i_1_n_0   |                                                | div_inst/quotient_reg[2][1]_LDC_i_2_n_0            |                1 |              1 |
|  div_inst/quotient_reg[2][10]_LDC_i_1_n_0  |                                                | div_inst/quotient_reg[2][10]_LDC_i_2_n_0           |                1 |              1 |
|  div_inst/quotient_reg[2][0]_LDC_i_1_n_0   |                                                | div_inst/quotient_reg[2][0]_LDC_i_2_n_0            |                1 |              1 |
|  div_inst/quotient_reg[2][2]_LDC_i_1_n_0   |                                                | div_inst/quotient_reg[2][2]_LDC_i_2_n_0            |                1 |              1 |
|  div_inst/quotient_reg[2][3]_LDC_i_1_n_0   |                                                | div_inst/quotient_reg[2][3]_LDC_i_2_n_0            |                1 |              1 |
|  div_inst/quotient_reg[2][5]_LDC_i_1_n_0   |                                                | div_inst/quotient_reg[2][5]_LDC_i_2_n_0            |                1 |              1 |
|  div_inst/quotient_reg[2][4]_LDC_i_1_n_0   |                                                | div_inst/quotient_reg[2][4]_LDC_i_2_n_0            |                1 |              1 |
|  div_inst/quotient_reg[2][6]_LDC_i_1_n_0   |                                                | div_inst/quotient_reg[2][6]_LDC_i_2_n_0            |                1 |              1 |
|  div_inst/quotient_reg[2][7]_LDC_i_1_n_0   |                                                | div_inst/quotient_reg[2][7]_LDC_i_2_n_0            |                1 |              1 |
|  div_inst/quotient_reg[2][8]_LDC_i_1_n_0   |                                                | div_inst/quotient_reg[2][8]_LDC_i_2_n_0            |                1 |              1 |
|  div_inst/quotient_reg[2][9]_LDC_i_1_n_0   |                                                | div_inst/quotient_reg[2][9]_LDC_i_2_n_0            |                1 |              1 |
|  div_inst/quotient_reg[3][0]_LDC_i_1_n_0   |                                                | div_inst/quotient_reg[3][0]_LDC_i_2_n_0            |                1 |              1 |
|  div_inst/quotient_reg[3][1]_LDC_i_1_n_0   |                                                | div_inst/quotient_reg[3][1]_LDC_i_2_n_0            |                1 |              1 |
|  div_inst/quotient_reg[3][12]_LDC_i_1_n_0  |                                                | div_inst/quotient_reg[3][12]_LDC_i_2_n_0           |                1 |              1 |
|  div_inst/quotient_reg[3][11]_LDC_i_1_n_0  |                                                | div_inst/quotient_reg[3][11]_LDC_i_2_n_0           |                1 |              1 |
|  div_inst/quotient_reg[3][10]_LDC_i_1_n_0  |                                                | div_inst/quotient_reg[3][10]_LDC_i_2_n_0           |                1 |              1 |
|  div_inst/quotient_reg[3][2]_LDC_i_1_n_0   |                                                | div_inst/quotient_reg[3][2]_LDC_i_2_n_0            |                1 |              1 |
|  div_inst/remainder_reg[5][3]_LDC_i_1_n_0  |                                                | div_inst/remainder_reg[5][3]_LDC_i_2_n_0           |                1 |              1 |
|  div_inst/remainder_reg[5][4]_LDC_i_1_n_0  |                                                | div_inst/remainder_reg[5][4]_LDC_i_2_n_0           |                1 |              1 |
|  div_inst/remainder_reg[5][1]_LDC_i_1_n_0  |                                                | div_inst/remainder_reg[5][1]_LDC_i_2_n_0           |                1 |              1 |
|  div_inst/remainder_reg[5][6]_LDC_i_1_n_0  |                                                | div_inst/remainder_reg[5][6]_LDC_i_2_n_0           |                1 |              1 |
|  div_inst/remainder_reg[5][7]_LDC_i_1_n_0  |                                                | div_inst/remainder_reg[5][7]_LDC_i_2_n_0           |                1 |              1 |
|  div_inst/remainder_reg[5][2]_LDC_i_1_n_0  |                                                | div_inst/remainder_reg[5][2]_LDC_i_2_n_0           |                1 |              1 |
|  div_inst/remainder_reg[5][5]_LDC_i_1_n_0  |                                                | div_inst/remainder_reg[5][5]_LDC_i_2_n_0           |                1 |              1 |
|  div_inst/quotient_reg[7][5]_LDC_i_1_n_0   |                                                | div_inst/quotient_reg[7][5]_LDC_i_2_n_0            |                1 |              1 |
|  div_inst/quotient_reg[7][4]_LDC_i_1_n_0   |                                                | div_inst/quotient_reg[7][4]_LDC_i_2_n_0            |                1 |              1 |
|  div_inst/quotient_reg[7][6]_LDC_i_1_n_0   |                                                | div_inst/quotient_reg[7][6]_LDC_i_2_n_0            |                1 |              1 |
|  div_inst/quotient_reg[7][7]_LDC_i_1_n_0   |                                                | div_inst/quotient_reg[7][7]_LDC_i_2_n_0            |                1 |              1 |
|  div_inst/quotient_reg[7][8]_LDC_i_1_n_0   |                                                | div_inst/quotient_reg[7][8]_LDC_i_2_n_0            |                1 |              1 |
|  div_inst/quotient_reg[8][0]_LDC_i_1_n_0   |                                                | div_inst/quotient_reg[8][0]_LDC_i_2_n_0            |                1 |              1 |
|  div_inst/quotient_reg[7][9]_LDC_i_1_n_0   |                                                | div_inst/quotient_reg[7][9]_LDC_i_2_n_0            |                1 |              1 |
|  div_inst/quotient_reg[8][12]_LDC_i_1_n_0  |                                                | div_inst/quotient_reg[8][12]_LDC_i_2_n_0           |                1 |              1 |
|  div_inst/quotient_reg[8][10]_LDC_i_1_n_0  |                                                | div_inst/quotient_reg[8][10]_LDC_i_2_n_0           |                1 |              1 |
|  div_inst/quotient_reg[8][11]_LDC_i_1_n_0  |                                                | div_inst/quotient_reg[8][11]_LDC_i_2_n_0           |                1 |              1 |
|  div_inst/quotient_reg[8][2]_LDC_i_1_n_0   |                                                | div_inst/quotient_reg[8][2]_LDC_i_2_n_0            |                1 |              1 |
|  div_inst/quotient_reg[8][1]_LDC_i_1_n_0   |                                                | div_inst/quotient_reg[8][1]_LDC_i_2_n_0            |                1 |              1 |
|  div_inst/quotient_reg[8][3]_LDC_i_1_n_0   |                                                | div_inst/quotient_reg[8][3]_LDC_i_2_n_0            |                1 |              1 |
|  div_inst/quotient_reg[8][4]_LDC_i_1_n_0   |                                                | div_inst/quotient_reg[8][4]_LDC_i_2_n_0            |                1 |              1 |
|  div_inst/quotient_reg[8][5]_LDC_i_1_n_0   |                                                | div_inst/quotient_reg[8][5]_LDC_i_2_n_0            |                1 |              1 |
|  div_inst/quotient_reg[8][6]_LDC_i_1_n_0   |                                                | div_inst/quotient_reg[8][6]_LDC_i_2_n_0            |                1 |              1 |
|  div_inst/quotient_reg[8][7]_LDC_i_1_n_0   |                                                | div_inst/quotient_reg[8][7]_LDC_i_2_n_0            |                1 |              1 |
|  div_inst/quotient_reg[8][8]_LDC_i_1_n_0   |                                                | div_inst/quotient_reg[8][8]_LDC_i_2_n_0            |                1 |              1 |
|  div_inst/quotient_reg[8][9]_LDC_i_1_n_0   |                                                | div_inst/quotient_reg[8][9]_LDC_i_2_n_0            |                1 |              1 |
|  div_inst/quotient_reg[9][0]_LDC_i_1_n_0   |                                                | div_inst/quotient_reg[9][0]_LDC_i_2_n_0            |                1 |              1 |
|  div_inst/quotient_reg[9][12]_LDC_i_1_n_0  |                                                | div_inst/quotient_reg[9][12]_LDC_i_2_n_0           |                1 |              1 |
|  div_inst/quotient_reg[9][1]_LDC_i_1_n_0   |                                                | div_inst/quotient_reg[9][1]_LDC_i_2_n_0            |                1 |              1 |
|  div_inst/quotient_reg[9][11]_LDC_i_1_n_0  |                                                | div_inst/quotient_reg[9][11]_LDC_i_2_n_0           |                1 |              1 |
|  div_inst/quotient_reg[9][10]_LDC_i_1_n_0  |                                                | div_inst/quotient_reg[9][10]_LDC_i_2_n_0           |                1 |              1 |
|  div_inst/quotient_reg[9][2]_LDC_i_1_n_0   |                                                | div_inst/quotient_reg[9][2]_LDC_i_2_n_0            |                1 |              1 |
|  div_inst/quotient_reg[9][3]_LDC_i_1_n_0   |                                                | div_inst/quotient_reg[9][3]_LDC_i_2_n_0            |                1 |              1 |
|  div_inst/quotient_reg[9][4]_LDC_i_1_n_0   |                                                | div_inst/quotient_reg[9][4]_LDC_i_2_n_0            |                1 |              1 |
|  div_inst/quotient_reg[9][5]_LDC_i_1_n_0   |                                                | div_inst/quotient_reg[9][5]_LDC_i_2_n_0            |                1 |              1 |
|  div_inst/quotient_reg[9][6]_LDC_i_1_n_0   |                                                | div_inst/quotient_reg[9][6]_LDC_i_2_n_0            |                1 |              1 |
|  div_inst/quotient_reg[9][7]_LDC_i_1_n_0   |                                                | div_inst/quotient_reg[9][7]_LDC_i_2_n_0            |                1 |              1 |
|  div_inst/quotient_reg[9][9]_LDC_i_1_n_0   |                                                | div_inst/quotient_reg[9][9]_LDC_i_2_n_0            |                1 |              1 |
|  div_inst/remainder_reg[0][10]_LDC_i_1_n_0 |                                                | div_inst/remainder_reg[0][10]_LDC_i_2_n_0          |                1 |              1 |
|  div_inst/remainder_reg[0][0]_LDC_i_1_n_0  |                                                | div_inst/remainder_reg[0][0]_LDC_i_2_n_0           |                1 |              1 |
|  div_inst/quotient_reg[9][8]_LDC_i_1_n_0   |                                                | div_inst/quotient_reg[9][8]_LDC_i_2_n_0            |                1 |              1 |
|  div_inst/remainder_reg[0][15]_LDC_i_1_n_0 |                                                | div_inst/remainder_reg[0][15]_LDC_i_2_n_0          |                1 |              1 |
|  div_inst/remainder_reg[0][2]_LDC_i_1_n_0  |                                                | div_inst/remainder_reg[0][2]_LDC_i_2_n_0           |                1 |              1 |
|  div_inst/remainder_reg[0][4]_LDC_i_1_n_0  |                                                | div_inst/remainder_reg[0][4]_LDC_i_2_n_0           |                1 |              1 |
|  div_inst/remainder_reg[0][3]_LDC_i_1_n_0  |                                                | div_inst/remainder_reg[0][3]_LDC_i_2_n_0           |                1 |              1 |
|  div_inst/remainder_reg[0][12]_LDC_i_1_n_0 |                                                | div_inst/remainder_reg[0][12]_LDC_i_2_n_0          |                1 |              1 |
|  div_inst/remainder_reg[0][1]_LDC_i_1_n_0  |                                                | div_inst/remainder_reg[0][1]_LDC_i_2_n_0           |                1 |              1 |
|  div_inst/remainder_reg[0][13]_LDC_i_1_n_0 |                                                | div_inst/remainder_reg[0][13]_LDC_i_2_n_0          |                1 |              1 |
|  div_inst/remainder_reg[0][11]_LDC_i_1_n_0 |                                                | div_inst/remainder_reg[0][11]_LDC_i_2_n_0          |                1 |              1 |
|  div_inst/remainder_reg[0][14]_LDC_i_1_n_0 |                                                | div_inst/remainder_reg[0][14]_LDC_i_2_n_0          |                1 |              1 |
|  div_inst/remainder_reg[0][9]_LDC_i_1_n_0  |                                                | div_inst/remainder_reg[0][9]_LDC_i_2_n_0           |                1 |              1 |
|  div_inst/remainder_reg[1][12]_LDC_i_1_n_0 |                                                | div_inst/remainder_reg[1][12]_LDC_i_2_n_0          |                1 |              1 |
|  div_inst/remainder_reg[1][13]_LDC_i_1_n_0 |                                                | div_inst/remainder_reg[1][13]_LDC_i_2_n_0          |                1 |              1 |
|  div_inst/remainder_reg[0][7]_LDC_i_1_n_0  |                                                | div_inst/remainder_reg[0][7]_LDC_i_2_n_0           |                1 |              1 |
|  div_inst/remainder_reg[0][8]_LDC_i_1_n_0  |                                                | div_inst/remainder_reg[0][8]_LDC_i_2_n_0           |                1 |              1 |
|  div_inst/remainder_reg[0][6]_LDC_i_1_n_0  |                                                | div_inst/remainder_reg[0][6]_LDC_i_2_n_0           |                1 |              1 |
|  div_inst/remainder_reg[1][0]_LDC_i_1_n_0  |                                                | div_inst/remainder_reg[1][0]_LDC_i_2_n_0           |                1 |              1 |
|  div_inst/remainder_reg[1][10]_LDC_i_1_n_0 |                                                | div_inst/remainder_reg[1][10]_LDC_i_2_n_0          |                1 |              1 |
|  div_inst/remainder_reg[1][15]_LDC_i_1_n_0 |                                                | div_inst/remainder_reg[1][15]_LDC_i_2_n_0          |                1 |              1 |
|  div_inst/remainder_reg[1][11]_LDC_i_1_n_0 |                                                | div_inst/remainder_reg[1][11]_LDC_i_2_n_0          |                1 |              1 |
|  div_inst/remainder_reg[1][14]_LDC_i_1_n_0 |                                                | div_inst/remainder_reg[1][14]_LDC_i_2_n_0          |                1 |              1 |
|  div_inst/remainder_reg[0][5]_LDC_i_1_n_0  |                                                | div_inst/remainder_reg[0][5]_LDC_i_2_n_0           |                1 |              1 |
|  div_inst/remainder_reg[1][6]_LDC_i_1_n_0  |                                                | div_inst/remainder_reg[1][6]_LDC_i_2_n_0           |                1 |              1 |
|  div_inst/remainder_reg[1][7]_LDC_i_1_n_0  |                                                | div_inst/remainder_reg[1][7]_LDC_i_2_n_0           |                1 |              1 |
|  div_inst/remainder_reg[1][3]_LDC_i_1_n_0  |                                                | div_inst/remainder_reg[1][3]_LDC_i_2_n_0           |                1 |              1 |
|  div_inst/remainder_reg[1][4]_LDC_i_1_n_0  |                                                | div_inst/remainder_reg[1][4]_LDC_i_2_n_0           |                1 |              1 |
|  div_inst/remainder_reg[1][5]_LDC_i_1_n_0  |                                                | div_inst/remainder_reg[1][5]_LDC_i_2_n_0           |                1 |              1 |
|  div_inst/remainder_reg[1][8]_LDC_i_1_n_0  |                                                | div_inst/remainder_reg[1][8]_LDC_i_2_n_0           |                1 |              1 |
|  div_inst/remainder_reg[1][1]_LDC_i_1_n_0  |                                                | div_inst/remainder_reg[1][1]_LDC_i_2_n_0           |                1 |              1 |
|  div_inst/remainder_reg[1][2]_LDC_i_1_n_0  |                                                | div_inst/remainder_reg[1][2]_LDC_i_2_n_0           |                1 |              1 |
|  div_inst/remainder_reg[2][10]_LDC_i_1_n_0 |                                                | div_inst/remainder_reg[2][10]_LDC_i_2_n_0          |                1 |              1 |
|  div_inst/remainder_reg[2][13]_LDC_i_1_n_0 |                                                | div_inst/remainder_reg[2][13]_LDC_i_2_n_0          |                1 |              1 |
|  div_inst/remainder_reg[2][1]_LDC_i_1_n_0  |                                                | div_inst/remainder_reg[2][1]_LDC_i_2_n_0           |                1 |              1 |
|  div_inst/remainder_reg[1][9]_LDC_i_1_n_0  |                                                | div_inst/remainder_reg[1][9]_LDC_i_2_n_0           |                1 |              1 |
|  div_inst/remainder_reg[2][11]_LDC_i_1_n_0 |                                                | div_inst/remainder_reg[2][11]_LDC_i_2_n_0          |                1 |              1 |
|  div_inst/remainder_reg[2][14]_LDC_i_1_n_0 |                                                | div_inst/remainder_reg[2][14]_LDC_i_2_n_0          |                1 |              1 |
|  div_inst/remainder_reg[2][3]_LDC_i_1_n_0  |                                                | div_inst/remainder_reg[2][3]_LDC_i_2_n_0           |                1 |              1 |
|  div_inst/remainder_reg[2][0]_LDC_i_1_n_0  |                                                | div_inst/remainder_reg[2][0]_LDC_i_2_n_0           |                1 |              1 |
|  div_inst/remainder_reg[2][15]_LDC_i_1_n_0 |                                                | div_inst/remainder_reg[2][15]_LDC_i_2_n_0          |                1 |              1 |
|  div_inst/remainder_reg[2][2]_LDC_i_1_n_0  |                                                | div_inst/remainder_reg[2][2]_LDC_i_2_n_0           |                1 |              1 |
|  div_inst/remainder_reg[2][12]_LDC_i_1_n_0 |                                                | div_inst/remainder_reg[2][12]_LDC_i_2_n_0          |                1 |              1 |
|  div_inst/remainder_reg[2][4]_LDC_i_1_n_0  |                                                | div_inst/remainder_reg[2][4]_LDC_i_2_n_0           |                1 |              1 |
|  div_inst/remainder_reg[3][0]_LDC_i_1_n_0  |                                                | div_inst/remainder_reg[3][0]_LDC_i_2_n_0           |                1 |              1 |
|  div_inst/remainder_reg[3][10]_LDC_i_1_n_0 |                                                | div_inst/remainder_reg[3][10]_LDC_i_2_n_0          |                1 |              1 |
|  div_inst/remainder_reg[3][12]_LDC_i_1_n_0 |                                                | div_inst/remainder_reg[3][12]_LDC_i_2_n_0          |                1 |              1 |
|  div_inst/remainder_reg[2][8]_LDC_i_1_n_0  |                                                | div_inst/remainder_reg[2][8]_LDC_i_2_n_0           |                1 |              1 |
|  div_inst/remainder_reg[2][7]_LDC_i_1_n_0  |                                                | div_inst/remainder_reg[2][7]_LDC_i_2_n_0           |                1 |              1 |
|  div_inst/remainder_reg[2][6]_LDC_i_1_n_0  |                                                | div_inst/remainder_reg[2][6]_LDC_i_2_n_0           |                1 |              1 |
|  div_inst/remainder_reg[3][11]_LDC_i_1_n_0 |                                                | div_inst/remainder_reg[3][11]_LDC_i_2_n_0          |                1 |              1 |
|  div_inst/remainder_reg[2][5]_LDC_i_1_n_0  |                                                | div_inst/remainder_reg[2][5]_LDC_i_2_n_0           |                1 |              1 |
|  div_inst/remainder_reg[2][9]_LDC_i_1_n_0  |                                                | div_inst/remainder_reg[2][9]_LDC_i_2_n_0           |                1 |              1 |
|  div_inst/remainder_reg[3][2]_LDC_i_1_n_0  |                                                | div_inst/remainder_reg[3][2]_LDC_i_2_n_0           |                1 |              1 |
|  div_inst/remainder_reg[3][5]_LDC_i_1_n_0  |                                                | div_inst/remainder_reg[3][5]_LDC_i_2_n_0           |                1 |              1 |
|  div_inst/remainder_reg[3][4]_LDC_i_1_n_0  |                                                | div_inst/remainder_reg[3][4]_LDC_i_2_n_0           |                1 |              1 |
|  div_inst/remainder_reg[3][6]_LDC_i_1_n_0  |                                                | div_inst/remainder_reg[3][6]_LDC_i_2_n_0           |                1 |              1 |
|  div_inst/remainder_reg[3][1]_LDC_i_1_n_0  |                                                | div_inst/remainder_reg[3][1]_LDC_i_2_n_0           |                1 |              1 |
|  div_inst/remainder_reg[3][15]_LDC_i_1_n_0 |                                                | div_inst/remainder_reg[3][15]_LDC_i_2_n_0          |                1 |              1 |
|  div_inst/remainder_reg[3][14]_LDC_i_1_n_0 |                                                | div_inst/remainder_reg[3][14]_LDC_i_2_n_0          |                1 |              1 |
|  div_inst/remainder_reg[3][3]_LDC_i_1_n_0  |                                                | div_inst/remainder_reg[3][3]_LDC_i_2_n_0           |                1 |              1 |
|  div_inst/remainder_reg[3][7]_LDC_i_1_n_0  |                                                | div_inst/remainder_reg[3][7]_LDC_i_2_n_0           |                1 |              1 |
|  div_inst/remainder_reg[3][13]_LDC_i_1_n_0 |                                                | div_inst/remainder_reg[3][13]_LDC_i_2_n_0          |                1 |              1 |
|  div_inst/remainder_reg[4][10]_LDC_i_1_n_0 |                                                | div_inst/remainder_reg[4][10]_LDC_i_2_n_0          |                1 |              1 |
|  div_inst/remainder_reg[4][14]_LDC_i_1_n_0 |                                                | div_inst/remainder_reg[4][14]_LDC_i_2_n_0          |                1 |              1 |
|  div_inst/remainder_reg[4][0]_LDC_i_1_n_0  |                                                | div_inst/remainder_reg[4][0]_LDC_i_2_n_0           |                1 |              1 |
|  div_inst/remainder_reg[4][1]_LDC_i_1_n_0  |                                                | div_inst/remainder_reg[4][1]_LDC_i_2_n_0           |                1 |              1 |
|  div_inst/remainder_reg[4][15]_LDC_i_1_n_0 |                                                | div_inst/remainder_reg[4][15]_LDC_i_2_n_0          |                1 |              1 |
|  div_inst/remainder_reg[4][2]_LDC_i_1_n_0  |                                                | div_inst/remainder_reg[4][2]_LDC_i_2_n_0           |                1 |              1 |
|  div_inst/remainder_reg[3][9]_LDC_i_1_n_0  |                                                | div_inst/remainder_reg[3][9]_LDC_i_2_n_0           |                1 |              1 |
|  div_inst/remainder_reg[3][8]_LDC_i_1_n_0  |                                                | div_inst/remainder_reg[3][8]_LDC_i_2_n_0           |                1 |              1 |
|  div_inst/remainder_reg[4][12]_LDC_i_1_n_0 |                                                | div_inst/remainder_reg[4][12]_LDC_i_2_n_0          |                1 |              1 |
|  div_inst/remainder_reg[4][11]_LDC_i_1_n_0 |                                                | div_inst/remainder_reg[4][11]_LDC_i_2_n_0          |                1 |              1 |
|  div_inst/remainder_reg[4][13]_LDC_i_1_n_0 |                                                | div_inst/remainder_reg[4][13]_LDC_i_2_n_0          |                1 |              1 |
|  div_inst/remainder_reg[4][3]_LDC_i_1_n_0  |                                                | div_inst/remainder_reg[4][3]_LDC_i_2_n_0           |                1 |              1 |
|  div_inst/remainder_reg[4][7]_LDC_i_1_n_0  |                                                | div_inst/remainder_reg[4][7]_LDC_i_2_n_0           |                1 |              1 |
|  div_inst/remainder_reg[4][8]_LDC_i_1_n_0  |                                                | div_inst/remainder_reg[4][8]_LDC_i_2_n_0           |                1 |              1 |
|  div_inst/remainder_reg[4][6]_LDC_i_1_n_0  |                                                | div_inst/remainder_reg[4][6]_LDC_i_2_n_0           |                1 |              1 |
|  div_inst/remainder_reg[5][0]_LDC_i_1_n_0  |                                                | div_inst/remainder_reg[5][0]_LDC_i_2_n_0           |                1 |              1 |
|  div_inst/remainder_reg[5][10]_LDC_i_1_n_0 |                                                | div_inst/remainder_reg[5][10]_LDC_i_2_n_0          |                1 |              1 |
|  div_inst/remainder_reg[5][11]_LDC_i_1_n_0 |                                                | div_inst/remainder_reg[5][11]_LDC_i_2_n_0          |                1 |              1 |
|  div_inst/remainder_reg[4][9]_LDC_i_1_n_0  |                                                | div_inst/remainder_reg[4][9]_LDC_i_2_n_0           |                1 |              1 |
|  div_inst/remainder_reg[4][4]_LDC_i_1_n_0  |                                                | div_inst/remainder_reg[4][4]_LDC_i_2_n_0           |                1 |              1 |
|  div_inst/remainder_reg[4][5]_LDC_i_1_n_0  |                                                | div_inst/remainder_reg[4][5]_LDC_i_2_n_0           |                1 |              1 |
|  div_inst/remainder_reg[5][14]_LDC_i_1_n_0 |                                                | div_inst/remainder_reg[5][14]_LDC_i_2_n_0          |                1 |              1 |
|  div_inst/remainder_reg[5][13]_LDC_i_1_n_0 |                                                | div_inst/remainder_reg[5][13]_LDC_i_2_n_0          |                1 |              1 |
|  div_inst/remainder_reg[5][15]_LDC_i_1_n_0 |                                                | div_inst/remainder_reg[5][15]_LDC_i_2_n_0          |                1 |              1 |
|  div_inst/remainder_reg[5][12]_LDC_i_1_n_0 |                                                | div_inst/remainder_reg[5][12]_LDC_i_2_n_0          |                1 |              1 |
|  div_inst/remainder_reg[6][13]_LDC_i_1_n_0 |                                                | div_inst/remainder_reg[6][13]_LDC_i_2_n_0          |                1 |              1 |
|  div_inst/remainder_reg[6][11]_LDC_i_1_n_0 |                                                | div_inst/remainder_reg[6][11]_LDC_i_2_n_0          |                1 |              1 |
|  div_inst/remainder_reg[6][12]_LDC_i_1_n_0 |                                                | div_inst/remainder_reg[6][12]_LDC_i_2_n_0          |                1 |              1 |
|  div_inst/remainder_reg[5][8]_LDC_i_1_n_0  |                                                | div_inst/remainder_reg[5][8]_LDC_i_2_n_0           |                1 |              1 |
|  div_inst/remainder_reg[6][15]_LDC_i_1_n_0 |                                                | div_inst/remainder_reg[6][15]_LDC_i_2_n_0          |                1 |              1 |
|  div_inst/remainder_reg[6][3]_LDC_i_1_n_0  |                                                | div_inst/remainder_reg[6][3]_LDC_i_2_n_0           |                1 |              1 |
|  div_inst/remainder_reg[6][10]_LDC_i_1_n_0 |                                                | div_inst/remainder_reg[6][10]_LDC_i_2_n_0          |                1 |              1 |
|  div_inst/remainder_reg[6][0]_LDC_i_1_n_0  |                                                | div_inst/remainder_reg[6][0]_LDC_i_2_n_0           |                1 |              1 |
|  div_inst/remainder_reg[5][9]_LDC_i_1_n_0  |                                                | div_inst/remainder_reg[5][9]_LDC_i_2_n_0           |                1 |              1 |
|  div_inst/remainder_reg[6][14]_LDC_i_1_n_0 |                                                | div_inst/remainder_reg[6][14]_LDC_i_2_n_0          |                1 |              1 |
|  div_inst/remainder_reg[6][2]_LDC_i_1_n_0  |                                                | div_inst/remainder_reg[6][2]_LDC_i_2_n_0           |                1 |              1 |
|  div_inst/remainder_reg[6][1]_LDC_i_1_n_0  |                                                | div_inst/remainder_reg[6][1]_LDC_i_2_n_0           |                1 |              1 |
|  div_inst/remainder_reg[6][7]_LDC_i_1_n_0  |                                                | div_inst/remainder_reg[6][7]_LDC_i_2_n_0           |                1 |              1 |
|  div_inst/remainder_reg[6][4]_LDC_i_1_n_0  |                                                | div_inst/remainder_reg[6][4]_LDC_i_2_n_0           |                1 |              1 |
|  div_inst/remainder_reg[6][8]_LDC_i_1_n_0  |                                                | div_inst/remainder_reg[6][8]_LDC_i_2_n_0           |                1 |              1 |
|  div_inst/remainder_reg[7][11]_LDC_i_1_n_0 |                                                | div_inst/remainder_reg[7][11]_LDC_i_2_n_0          |                1 |              1 |
|  div_inst/remainder_reg[7][0]_LDC_i_1_n_0  |                                                | div_inst/remainder_reg[7][0]_LDC_i_2_n_0           |                1 |              1 |
|  div_inst/remainder_reg[7][12]_LDC_i_1_n_0 |                                                | div_inst/remainder_reg[7][12]_LDC_i_2_n_0          |                1 |              1 |
|  div_inst/remainder_reg[6][6]_LDC_i_1_n_0  |                                                | div_inst/remainder_reg[6][6]_LDC_i_2_n_0           |                1 |              1 |
|  div_inst/remainder_reg[6][5]_LDC_i_1_n_0  |                                                | div_inst/remainder_reg[6][5]_LDC_i_2_n_0           |                1 |              1 |
|  div_inst/remainder_reg[6][9]_LDC_i_1_n_0  |                                                | div_inst/remainder_reg[6][9]_LDC_i_2_n_0           |                1 |              1 |
|  div_inst/remainder_reg[7][10]_LDC_i_1_n_0 |                                                | div_inst/remainder_reg[7][10]_LDC_i_2_n_0          |                1 |              1 |
|  div_inst/remainder_reg[7][3]_LDC_i_1_n_0  |                                                | div_inst/remainder_reg[7][3]_LDC_i_2_n_0           |                1 |              1 |
|  div_inst/remainder_reg[7][1]_LDC_i_1_n_0  |                                                | div_inst/remainder_reg[7][1]_LDC_i_2_n_0           |                1 |              1 |
|  div_inst/remainder_reg[7][2]_LDC_i_1_n_0  |                                                | div_inst/remainder_reg[7][2]_LDC_i_2_n_0           |                1 |              1 |
|  div_inst/remainder_reg[7][14]_LDC_i_1_n_0 |                                                | div_inst/remainder_reg[7][14]_LDC_i_2_n_0          |                1 |              1 |
|  div_inst/remainder_reg[7][4]_LDC_i_1_n_0  |                                                | div_inst/remainder_reg[7][4]_LDC_i_2_n_0           |                1 |              1 |
|  div_inst/remainder_reg[7][13]_LDC_i_1_n_0 |                                                | div_inst/remainder_reg[7][13]_LDC_i_2_n_0          |                1 |              1 |
|  div_inst/remainder_reg[7][15]_LDC_i_1_n_0 |                                                | div_inst/remainder_reg[7][15]_LDC_i_2_n_0          |                1 |              1 |
|  div_inst/remainder_reg[8][10]_LDC_i_1_n_0 |                                                | div_inst/remainder_reg[8][10]_LDC_i_2_n_0          |                1 |              1 |
|  div_inst/remainder_reg[7][9]_LDC_i_1_n_0  |                                                | div_inst/remainder_reg[7][9]_LDC_i_2_n_0           |                1 |              1 |
|  div_inst/remainder_reg[8][13]_LDC_i_1_n_0 |                                                | div_inst/remainder_reg[8][13]_LDC_i_2_n_0          |                1 |              1 |
|  div_inst/remainder_reg[8][0]_LDC_i_1_n_0  |                                                | div_inst/remainder_reg[8][0]_LDC_i_2_n_0           |                1 |              1 |
|  div_inst/remainder_reg[8][15]_LDC_i_1_n_0 |                                                | div_inst/remainder_reg[8][15]_LDC_i_2_n_0          |                1 |              1 |
|  div_inst/remainder_reg[8][14]_LDC_i_1_n_0 |                                                | div_inst/remainder_reg[8][14]_LDC_i_2_n_0          |                1 |              1 |
|  div_inst/remainder_reg[8][12]_LDC_i_1_n_0 |                                                | div_inst/remainder_reg[8][12]_LDC_i_2_n_0          |                1 |              1 |
|  div_inst/remainder_reg[7][5]_LDC_i_1_n_0  |                                                | div_inst/remainder_reg[7][5]_LDC_i_2_n_0           |                1 |              1 |
|  div_inst/remainder_reg[7][8]_LDC_i_1_n_0  |                                                | div_inst/remainder_reg[7][8]_LDC_i_2_n_0           |                1 |              1 |
|  div_inst/remainder_reg[7][6]_LDC_i_1_n_0  |                                                | div_inst/remainder_reg[7][6]_LDC_i_2_n_0           |                1 |              1 |
|  div_inst/remainder_reg[7][7]_LDC_i_1_n_0  |                                                | div_inst/remainder_reg[7][7]_LDC_i_2_n_0           |                1 |              1 |
|  div_inst/remainder_reg[8][11]_LDC_i_1_n_0 |                                                | div_inst/remainder_reg[8][11]_LDC_i_2_n_0          |                1 |              1 |
|  div_inst/remainder_reg[8][6]_LDC_i_1_n_0  |                                                | div_inst/remainder_reg[8][6]_LDC_i_2_n_0           |                1 |              1 |
|  div_inst/remainder_reg[9][0]_LDC_i_1_n_0  |                                                | div_inst/remainder_reg[9][0]_LDC_i_2_n_0           |                1 |              1 |
|  div_inst/remainder_reg[8][1]_LDC_i_1_n_0  |                                                | div_inst/remainder_reg[8][1]_LDC_i_2_n_0           |                1 |              1 |
|  div_inst/remainder_reg[8][8]_LDC_i_1_n_0  |                                                | div_inst/remainder_reg[8][8]_LDC_i_2_n_0           |                1 |              1 |
|  div_inst/remainder_reg[8][7]_LDC_i_1_n_0  |                                                | div_inst/remainder_reg[8][7]_LDC_i_2_n_0           |                1 |              1 |
|  div_inst/remainder_reg[8][4]_LDC_i_1_n_0  |                                                | div_inst/remainder_reg[8][4]_LDC_i_2_n_0           |                1 |              1 |
|  div_inst/remainder_reg[8][2]_LDC_i_1_n_0  |                                                | div_inst/remainder_reg[8][2]_LDC_i_2_n_0           |                1 |              1 |
|  div_inst/remainder_reg[8][5]_LDC_i_1_n_0  |                                                | div_inst/remainder_reg[8][5]_LDC_i_2_n_0           |                1 |              1 |
|  div_inst/remainder_reg[8][9]_LDC_i_1_n_0  |                                                | div_inst/remainder_reg[8][9]_LDC_i_2_n_0           |                1 |              1 |
|  div_inst/remainder_reg[8][3]_LDC_i_1_n_0  |                                                | div_inst/remainder_reg[8][3]_LDC_i_2_n_0           |                1 |              1 |
|  div_inst/remainder_reg[9][3]_LDC_i_1_n_0  |                                                | div_inst/remainder_reg[9][3]_LDC_i_2_n_0           |                1 |              1 |
|  div_inst/remainder_reg[9][11]_LDC_i_1_n_0 |                                                | div_inst/remainder_reg[9][11]_LDC_i_2_n_0          |                1 |              1 |
|  div_inst/remainder_reg[9][4]_LDC_i_1_n_0  |                                                | div_inst/remainder_reg[9][4]_LDC_i_2_n_0           |                1 |              1 |
|  div_inst/remainder_reg[9][13]_LDC_i_1_n_0 |                                                | div_inst/remainder_reg[9][13]_LDC_i_2_n_0          |                1 |              1 |
|  div_inst/remainder_reg[9][12]_LDC_i_1_n_0 |                                                | div_inst/remainder_reg[9][12]_LDC_i_2_n_0          |                1 |              1 |
|  div_inst/remainder_reg[9][15]_LDC_i_1_n_0 |                                                | div_inst/remainder_reg[9][15]_LDC_i_2_n_0          |                1 |              1 |
|  div_inst/remainder_reg[9][1]_LDC_i_1_n_0  |                                                | div_inst/remainder_reg[9][1]_LDC_i_2_n_0           |                1 |              1 |
|  div_inst/remainder_reg[9][14]_LDC_i_1_n_0 |                                                | div_inst/remainder_reg[9][14]_LDC_i_2_n_0          |                1 |              1 |
|  div_inst/remainder_reg[9][10]_LDC_i_1_n_0 |                                                | div_inst/remainder_reg[9][10]_LDC_i_2_n_0          |                1 |              1 |
|  div_inst/remainder_reg[9][2]_LDC_i_1_n_0  |                                                | div_inst/remainder_reg[9][2]_LDC_i_2_n_0           |                1 |              1 |
|  div_inst/remainder_reg[9][5]_LDC_i_1_n_0  |                                                | div_inst/remainder_reg[9][5]_LDC_i_2_n_0           |                1 |              1 |
|  div_inst/remainder_reg[9][7]_LDC_i_1_n_0  |                                                | div_inst/remainder_reg[9][7]_LDC_i_2_n_0           |                1 |              1 |
|  div_inst/remainder_reg[9][6]_LDC_i_1_n_0  |                                                | div_inst/remainder_reg[9][6]_LDC_i_2_n_0           |                1 |              1 |
|  div_inst/remainder_reg[9][8]_LDC_i_1_n_0  |                                                | div_inst/remainder_reg[9][8]_LDC_i_2_n_0           |                1 |              1 |
|  div_inst/remainder_reg[9][9]_LDC_i_1_n_0  |                                                | div_inst/remainder_reg[9][9]_LDC_i_2_n_0           |                1 |              1 |
|  div_inst/quotient_reg[3][3]_LDC_i_1_n_0   |                                                | div_inst/quotient_reg[3][3]_LDC_i_2_n_0            |                1 |              1 |
|  div_inst/quotient_reg[3][4]_LDC_i_1_n_0   |                                                | div_inst/quotient_reg[3][4]_LDC_i_2_n_0            |                1 |              1 |
|  div_inst/quotient_reg[3][5]_LDC_i_1_n_0   |                                                | div_inst/quotient_reg[3][5]_LDC_i_2_n_0            |                1 |              1 |
|  div_inst/quotient_reg[3][6]_LDC_i_1_n_0   |                                                | div_inst/quotient_reg[3][6]_LDC_i_2_n_0            |                1 |              1 |
|  div_inst/quotient_reg[3][9]_LDC_i_1_n_0   |                                                | div_inst/quotient_reg[3][9]_LDC_i_2_n_0            |                1 |              1 |
|  div_inst/quotient_reg[3][7]_LDC_i_1_n_0   |                                                | div_inst/quotient_reg[3][7]_LDC_i_2_n_0            |                1 |              1 |
|  div_inst/quotient_reg[3][8]_LDC_i_1_n_0   |                                                | div_inst/quotient_reg[3][8]_LDC_i_2_n_0            |                1 |              1 |
|  div_inst/quotient_reg[4][0]_LDC_i_1_n_0   |                                                | div_inst/quotient_reg[4][0]_LDC_i_2_n_0            |                1 |              1 |
|  div_inst/quotient_reg[4][1]_LDC_i_1_n_0   |                                                | div_inst/quotient_reg[4][1]_LDC_i_2_n_0            |                1 |              1 |
|  div_inst/quotient_reg[4][11]_LDC_i_1_n_0  |                                                | div_inst/quotient_reg[4][11]_LDC_i_2_n_0           |                1 |              1 |
|  div_inst/quotient_reg[4][12]_LDC_i_1_n_0  |                                                | div_inst/quotient_reg[4][12]_LDC_i_2_n_0           |                1 |              1 |
|  div_inst/quotient_reg[4][10]_LDC_i_1_n_0  |                                                | div_inst/quotient_reg[4][10]_LDC_i_2_n_0           |                1 |              1 |
|  div_inst/quotient_reg[4][2]_LDC_i_1_n_0   |                                                | div_inst/quotient_reg[4][2]_LDC_i_2_n_0            |                1 |              1 |
|  div_inst/quotient_reg[4][4]_LDC_i_1_n_0   |                                                | div_inst/quotient_reg[4][4]_LDC_i_2_n_0            |                1 |              1 |
|  div_inst/quotient_reg[4][3]_LDC_i_1_n_0   |                                                | div_inst/quotient_reg[4][3]_LDC_i_2_n_0            |                1 |              1 |
|  div_inst/quotient_reg[4][5]_LDC_i_1_n_0   |                                                | div_inst/quotient_reg[4][5]_LDC_i_2_n_0            |                1 |              1 |
|  div_inst/quotient_reg[4][6]_LDC_i_1_n_0   |                                                | div_inst/quotient_reg[4][6]_LDC_i_2_n_0            |                1 |              1 |
|  div_inst/quotient_reg[4][8]_LDC_i_1_n_0   |                                                | div_inst/quotient_reg[4][8]_LDC_i_2_n_0            |                1 |              1 |
|  div_inst/quotient_reg[4][7]_LDC_i_1_n_0   |                                                | div_inst/quotient_reg[4][7]_LDC_i_2_n_0            |                1 |              1 |
|  div_inst/quotient_reg[4][9]_LDC_i_1_n_0   |                                                | div_inst/quotient_reg[4][9]_LDC_i_2_n_0            |                1 |              1 |
|  div_inst/quotient_reg[5][0]_LDC_i_1_n_0   |                                                | div_inst/quotient_reg[5][0]_LDC_i_2_n_0            |                1 |              1 |
|  div_inst/quotient_reg[5][12]_LDC_i_1_n_0  |                                                | div_inst/quotient_reg[5][12]_LDC_i_2_n_0           |                1 |              1 |
|  div_inst/quotient_reg[5][10]_LDC_i_1_n_0  |                                                | div_inst/quotient_reg[5][10]_LDC_i_2_n_0           |                1 |              1 |
|  div_inst/quotient_reg[5][11]_LDC_i_1_n_0  |                                                | div_inst/quotient_reg[5][11]_LDC_i_2_n_0           |                1 |              1 |
|  div_inst/quotient_reg[5][1]_LDC_i_1_n_0   |                                                | div_inst/quotient_reg[5][1]_LDC_i_2_n_0            |                1 |              1 |
|  div_inst/quotient_reg[5][3]_LDC_i_1_n_0   |                                                | div_inst/quotient_reg[5][3]_LDC_i_2_n_0            |                1 |              1 |
|  div_inst/quotient_reg[5][2]_LDC_i_1_n_0   |                                                | div_inst/quotient_reg[5][2]_LDC_i_2_n_0            |                1 |              1 |
|  div_inst/quotient_reg[5][4]_LDC_i_1_n_0   |                                                | div_inst/quotient_reg[5][4]_LDC_i_2_n_0            |                1 |              1 |
|  div_inst/quotient_reg[5][6]_LDC_i_1_n_0   |                                                | div_inst/quotient_reg[5][6]_LDC_i_2_n_0            |                1 |              1 |
|  div_inst/quotient_reg[5][5]_LDC_i_1_n_0   |                                                | div_inst/quotient_reg[5][5]_LDC_i_2_n_0            |                1 |              1 |
|  div_inst/quotient_reg[5][7]_LDC_i_1_n_0   |                                                | div_inst/quotient_reg[5][7]_LDC_i_2_n_0            |                1 |              1 |
|  div_inst/quotient_reg[5][9]_LDC_i_1_n_0   |                                                | div_inst/quotient_reg[5][9]_LDC_i_2_n_0            |                1 |              1 |
|  div_inst/quotient_reg[5][8]_LDC_i_1_n_0   |                                                | div_inst/quotient_reg[5][8]_LDC_i_2_n_0            |                1 |              1 |
|  div_inst/quotient_reg[6][10]_LDC_i_1_n_0  |                                                | div_inst/quotient_reg[6][10]_LDC_i_2_n_0           |                1 |              1 |
|  div_inst/quotient_reg[6][1]_LDC_i_1_n_0   |                                                | div_inst/quotient_reg[6][1]_LDC_i_2_n_0            |                1 |              1 |
|  div_inst/quotient_reg[6][0]_LDC_i_1_n_0   |                                                | div_inst/quotient_reg[6][0]_LDC_i_2_n_0            |                1 |              1 |
|  div_inst/quotient_reg[6][11]_LDC_i_1_n_0  |                                                | div_inst/quotient_reg[6][11]_LDC_i_2_n_0           |                1 |              1 |
|  div_inst/quotient_reg[6][12]_LDC_i_1_n_0  |                                                | div_inst/quotient_reg[6][12]_LDC_i_2_n_0           |                1 |              1 |
|  div_inst/quotient_reg[6][2]_LDC_i_1_n_0   |                                                | div_inst/quotient_reg[6][2]_LDC_i_2_n_0            |                1 |              1 |
|  div_inst/quotient_reg[6][3]_LDC_i_1_n_0   |                                                | div_inst/quotient_reg[6][3]_LDC_i_2_n_0            |                1 |              1 |
|  div_inst/quotient_reg[6][4]_LDC_i_1_n_0   |                                                | div_inst/quotient_reg[6][4]_LDC_i_2_n_0            |                1 |              1 |
|  div_inst/quotient_reg[6][5]_LDC_i_1_n_0   |                                                | div_inst/quotient_reg[6][5]_LDC_i_2_n_0            |                1 |              1 |
|  div_inst/quotient_reg[6][6]_LDC_i_1_n_0   |                                                | div_inst/quotient_reg[6][6]_LDC_i_2_n_0            |                1 |              1 |
|  div_inst/quotient_reg[6][8]_LDC_i_1_n_0   |                                                | div_inst/quotient_reg[6][8]_LDC_i_2_n_0            |                1 |              1 |
|  div_inst/quotient_reg[6][7]_LDC_i_1_n_0   |                                                | div_inst/quotient_reg[6][7]_LDC_i_2_n_0            |                1 |              1 |
|  div_inst/quotient_reg[6][9]_LDC_i_1_n_0   |                                                | div_inst/quotient_reg[6][9]_LDC_i_2_n_0            |                1 |              1 |
|  div_inst/quotient_reg[7][0]_LDC_i_1_n_0   |                                                | div_inst/quotient_reg[7][0]_LDC_i_2_n_0            |                1 |              1 |
|  div_inst/quotient_reg[7][10]_LDC_i_1_n_0  |                                                | div_inst/quotient_reg[7][10]_LDC_i_2_n_0           |                1 |              1 |
|  div_inst/quotient_reg[7][11]_LDC_i_1_n_0  |                                                | div_inst/quotient_reg[7][11]_LDC_i_2_n_0           |                1 |              1 |
|  div_inst/quotient_reg[7][12]_LDC_i_1_n_0  |                                                | div_inst/quotient_reg[7][12]_LDC_i_2_n_0           |                1 |              1 |
|  div_inst/quotient_reg[7][1]_LDC_i_1_n_0   |                                                | div_inst/quotient_reg[7][1]_LDC_i_2_n_0            |                1 |              1 |
|  div_inst/quotient_reg[7][2]_LDC_i_1_n_0   |                                                | div_inst/quotient_reg[7][2]_LDC_i_2_n_0            |                1 |              1 |
|  div_inst/quotient_reg[7][3]_LDC_i_1_n_0   |                                                | div_inst/quotient_reg[7][3]_LDC_i_2_n_0            |                1 |              1 |
|  sys_clk/inst/clk_out1                     | udm/udm_controller/timeout_counter[31]_i_2_n_0 |                                                    |                1 |              1 |
|  sys_clk/inst/clk_out1                     | udm/uart_tx/tx_o_i_1_n_0                       | reset_sync/Q[0]                                    |                1 |              1 |
|  sys_clk/inst/clk_out1                     |                                                | reset_sync/arst                                    |                3 |              4 |
|  sys_clk/inst/clk_out1                     | udm/uart_rx/FSM_sequential_state[3]_i_1_n_0    | reset_sync/Q[0]                                    |                1 |              4 |
|  sys_clk/inst/clk_out1                     | udm/udm_controller/reset_syncbuf_reg[0]        | reset_sync/reset_syncbuf_reg[0]_16                 |                3 |              6 |
|  sys_clk/inst/clk_out1                     |                                                | udm/uart_rx/SR[0]                                  |                1 |              8 |
|  sys_clk/inst/clk_out1                     | udm/udm_controller/RD_DATA_reg[23]_i_1_n_0     | udm/udm_controller/RD_DATA_reg[31]_i_1_n_0         |                3 |              8 |
|  sys_clk/inst/clk_out1                     | udm/udm_controller/tx_sendbyte[7]_i_2_n_0      | udm/udm_controller/tx_sendbyte[7]_i_1_n_0          |                1 |              8 |
|  sys_clk/inst/clk_out1                     | udm/udm_controller/tx_sendbyte_ff[7]_i_1_n_0   |                                                    |                1 |              8 |
|  sys_clk/inst/clk_out1                     | udm/uart_rx/dout_bo[7]_i_1_n_0                 | reset_sync/Q[0]                                    |                1 |              8 |
|  sys_clk/inst/clk_out1                     | udm/uart_tx/databuf_0                          | reset_sync/Q[0]                                    |                2 |              8 |
|  sys_clk/inst/clk_out1                     |                                                | udm/udm_controller/FSM_sequential_state[2]_i_1_n_0 |                7 |              9 |
|  sys_clk/inst/clk_out1                     |                                                | reset_sync/Q[0]                                    |                9 |             13 |
|  sys_clk/inst/clk_out1                     |                                                |                                                    |                7 |             13 |
|  sys_clk/inst/clk_out1                     | udm/udm_controller/E[0]                        | reset_sync/Q[0]                                    |                9 |             16 |
|  sys_clk/inst/clk_out1                     | udm/udm_controller/bus_addr_bo_reg[29]_0[0]    | reset_sync/Q[0]                                    |                9 |             16 |
|  sys_clk/inst/clk_out1                     | udm/udm_controller/bus_we_o_reg_1[0]           | reset_sync/Q[0]                                    |                8 |             16 |
|  sys_clk/inst/clk_out1                     | udm/udm_controller/bus_addr_bo_reg[2]_0[0]     | reset_sync/Q[0]                                    |                9 |             16 |
|  sys_clk/inst/clk_out1                     | udm/udm_controller/bus_addr_bo_reg[2]_1[0]     | reset_sync/Q[0]                                    |                8 |             16 |
|  sys_clk/inst/clk_out1                     | udm/udm_controller/bus_we_o_reg_0[0]           | reset_sync/Q[0]                                    |               12 |             16 |
|  sys_clk/inst/clk_out1                     | udm/udm_controller/bus_addr_bo_reg[29]_1[0]    | reset_sync/Q[0]                                    |                9 |             16 |
|  sys_clk/inst/clk_out1                     | udm/udm_controller/bus_addr_bo_reg[2]_2[0]     | reset_sync/Q[0]                                    |               11 |             16 |
|  sys_clk/inst/clk_out1                     | udm/udm_controller/bus_addr_bo_reg[8]_0[0]     | udm/udm_controller/SR[0]                           |                8 |             16 |
|  sys_clk/inst/clk_out1                     | udm/udm_controller/bus_we_o_reg_2[0]           | reset_sync/Q[0]                                    |                9 |             16 |
|  sys_clk/inst/clk_out1                     | udm/udm_controller/bus_we_o_reg_3[0]           | reset_sync/Q[0]                                    |               11 |             16 |
|  sys_clk/inst/clk_out1                     | udm/udm_controller/RD_DATA_reg[23]_i_1_n_0     |                                                    |                8 |             24 |
|  sys_clk/inst/clk_out1                     | udm/uart_rx/bitperiod_o[28]_i_1_n_0            | reset_sync/Q[0]                                    |                9 |             30 |
|  sys_clk/inst/clk_out1                     | udm/udm_controller/timeout_counter[31]_i_2_n_0 | udm/udm_controller/timeout_counter[31]_i_1_n_0     |                8 |             31 |
|  sys_clk/inst/clk_out1                     | udm/udm_controller/bus_addr_bo[31]_i_1_n_0     | udm/udm_controller/FSM_sequential_state[2]_i_1_n_0 |                7 |             32 |
|  sys_clk/inst/clk_out1                     | udm/udm_controller/bus_wdata_bo[31]_i_1_n_0    | udm/udm_controller/FSM_sequential_state[2]_i_1_n_0 |                5 |             32 |
|  sys_clk/inst/clk_out1                     | udm/udm_controller/reset_syncbuf_reg[0]_1      |                                                    |               12 |             32 |
|  sys_clk/inst/clk_out1                     | udm/udm_controller/tr_length[31]_i_2_n_0       | udm/udm_controller/tr_length[31]_i_1_n_0           |               14 |             32 |
|  sys_clk/inst/clk_out1                     | udm/uart_rx/clk_counter                        | reset_sync/Q[0]                                    |               10 |             32 |
|  sys_clk/inst/clk_out1                     | udm/uart_tx/clk_counter                        | reset_sync/Q[0]                                    |                5 |             32 |
+--------------------------------------------+------------------------------------------------+----------------------------------------------------+------------------+----------------+


