Copyright 1986-2019 Xilinx, Inc. All Rights Reserved.
---------------------------------------------------------------------------------------
| Tool Version : Vivado v.2019.1 (win64) Build 2552052 Fri May 24 14:49:42 MDT 2019
| Date         : Thu Nov 28 23:34:46 2024
| Host         : DESKTOP-M13T56A running 64-bit major release  (build 9200)
| Command      : report_control_sets -verbose -file NEXYS4_DDR_control_sets_placed.rpt
| Design       : NEXYS4_DDR
| Device       : xc7a100t
---------------------------------------------------------------------------------------

Control Set Information

Table of Contents
-----------------
1. Summary
2. Histogram
3. Flip-Flop Distribution
4. Detailed Control Set Information

1. Summary
----------

+----------------------------------------------------------+-------+
|                          Status                          | Count |
+----------------------------------------------------------+-------+
| Total control sets                                       |    22 |
|    Minimum number of control sets                        |    22 |
|    Addition due to synthesis replication                 |     0 |
|    Addition due to physical synthesis replication        |     0 |
| Unused register locations in slices containing registers |    44 |
+----------------------------------------------------------+-------+
* Control sets can be merged at opt_design using control_set_merge or merge_equivalent_drivers
** Run report_qor_suggestions for automated merging and remapping suggestions


2. Histogram
------------

+--------------------+-------+
|       Fanout       | Count |
+--------------------+-------+
| Total control sets |    22 |
| >= 0 to < 4        |     3 |
| >= 4 to < 6        |     1 |
| >= 6 to < 8        |     1 |
| >= 8 to < 10       |     6 |
| >= 10 to < 12      |     1 |
| >= 12 to < 14      |     1 |
| >= 14 to < 16      |     0 |
| >= 16              |     9 |
+--------------------+-------+
* Control sets can be remapped at either synth_design or opt_design


3. Flip-Flop Distribution
-------------------------

+--------------+-----------------------+------------------------+-----------------+--------------+
| Clock Enable | Synchronous Set/Reset | Asynchronous Set/Reset | Total Registers | Total Slices |
+--------------+-----------------------+------------------------+-----------------+--------------+
| No           | No                    | No                     |              10 |            7 |
| No           | No                    | Yes                    |               3 |            2 |
| No           | Yes                   | No                     |              30 |           14 |
| Yes          | No                    | No                     |              25 |           11 |
| Yes          | No                    | Yes                    |               0 |            0 |
| Yes          | Yes                   | No                     |             272 |           79 |
+--------------+-----------------------+------------------------+-----------------+--------------+


4. Detailed Control Set Information
-----------------------------------

+-----------------------------+------------------------------------------------+----------------------------------------------------+------------------+----------------+
|         Clock Signal        |                  Enable Signal                 |                  Set/Reset Signal                  | Slice Load Count | Bel Load Count |
+-----------------------------+------------------------------------------------+----------------------------------------------------+------------------+----------------+
|  sys_clk_inst/inst/clk_out1 | udm/udm_controller/timeout_counter[31]_i_2_n_0 |                                                    |                1 |              1 |
|  sys_clk_inst/inst/clk_out1 | udm/uart_tx/tx_o_i_1_n_0                       | reset_cntrl_inst/Q[0]                              |                1 |              1 |
|  sys_clk_inst/inst/clk_out1 |                                                | reset_cntrl_inst/arst                              |                2 |              3 |
|  sys_clk_inst/inst/clk_out1 | udm/uart_rx/FSM_sequential_state[3]_i_1_n_0    | reset_cntrl_inst/Q[0]                              |                2 |              4 |
|  sys_clk_inst/inst/clk_out1 | udm/udm_controller/srst_reg_reg[2]             | reset_cntrl_inst/srst_reg_reg[2]_1                 |                2 |              6 |
|  sys_clk_inst/inst/clk_out1 |                                                | udm/uart_rx/SR[0]                                  |                3 |              8 |
|  sys_clk_inst/inst/clk_out1 | udm/udm_controller/tx_sendbyte[7]_i_2_n_0      | udm/udm_controller/tx_sendbyte[7]_i_1_n_0          |                2 |              8 |
|  sys_clk_inst/inst/clk_out1 | udm/udm_controller/tx_sendbyte_ff_0            |                                                    |                1 |              8 |
|  sys_clk_inst/inst/clk_out1 | udm/uart_rx/dout_bo[7]_i_1_n_0                 | reset_cntrl_inst/Q[0]                              |                2 |              8 |
|  sys_clk_inst/inst/clk_out1 | udm/uart_tx/databuf_0                          | reset_cntrl_inst/Q[0]                              |                2 |              8 |
|  sys_clk_inst/inst/clk_out1 |                                                | udm/udm_controller/FSM_sequential_state[2]_i_1_n_0 |                5 |              9 |
|  sys_clk_inst/inst/clk_out1 |                                                |                                                    |                7 |             10 |
|  sys_clk_inst/inst/clk_out1 |                                                | reset_cntrl_inst/Q[0]                              |                6 |             13 |
|  sys_clk_inst/inst/clk_out1 | udm/udm_controller/RD_DATA_reg[15]_i_1_n_0     |                                                    |                9 |             16 |
|  sys_clk_inst/inst/clk_out1 | udm/udm_controller/E[0]                        | reset_cntrl_inst/Q[0]                              |               11 |             16 |
|  sys_clk_inst/inst/clk_out1 | udm/uart_rx/bitperiod_o[28]_i_1_n_0            | reset_cntrl_inst/Q[0]                              |               10 |             30 |
|  sys_clk_inst/inst/clk_out1 | udm/udm_controller/timeout_counter[31]_i_2_n_0 | udm/udm_controller/timeout_counter[31]_i_1_n_0     |                8 |             31 |
|  sys_clk_inst/inst/clk_out1 | udm/uart_rx/clk_counter                        | reset_cntrl_inst/Q[0]                              |                6 |             32 |
|  sys_clk_inst/inst/clk_out1 | udm/udm_controller/bus_addr_bo[31]_i_1_n_0     | udm/udm_controller/FSM_sequential_state[2]_i_1_n_0 |                8 |             32 |
|  sys_clk_inst/inst/clk_out1 | udm/udm_controller/bus_wdata_bo[31]_i_1_n_0    | udm/udm_controller/FSM_sequential_state[2]_i_1_n_0 |                8 |             32 |
|  sys_clk_inst/inst/clk_out1 | udm/udm_controller/tr_length[31]_i_2_n_0       | udm/udm_controller/tr_length[31]_i_1_n_0           |               11 |             32 |
|  sys_clk_inst/inst/clk_out1 | udm/uart_tx/clk_counter                        | reset_cntrl_inst/Q[0]                              |                6 |             32 |
+-----------------------------+------------------------------------------------+----------------------------------------------------+------------------+----------------+


