
*** Running vivado
    with args -log NEXYS4_DDR.vdi -applog -m64 -product Vivado -messageDb vivado.pb -mode batch -source NEXYS4_DDR.tcl -notrace


****** Vivado v2019.1 (64-bit)
  **** SW Build 2552052 on Fri May 24 14:49:42 MDT 2019
  **** IP Build 2548770 on Fri May 24 18:01:18 MDT 2019
    ** Copyright 1986-2019 Xilinx, Inc. All Rights Reserved.

source NEXYS4_DDR.tcl -notrace
Command: link_design -top NEXYS4_DDR -part xc7a100tcsg324-3
Design is defaulting to srcset: sources_1
Design is defaulting to constrset: constrs_1
INFO: [Device 21-403] Loading part xc7a100tcsg324-3
INFO: [Project 1-454] Reading design checkpoint 'D:/Programs/Computer_Systems_Design/lab1/activecore-master/designs/rtl/udm/syn/NEXYS4_DDR/NEXYS4_DDR.runs/impl_1/.Xil/Vivado-2660-DESKTOP-M13T56A/sys_clk/sys_clk.dcp' for cell 'sys_clk_inst'
INFO: [Netlist 29-17] Analyzing 99 Unisim elements for replacement
INFO: [Netlist 29-28] Unisim Transformation completed in 0 CPU seconds
INFO: [Project 1-479] Netlist was created with Vivado 2019.1
INFO: [Project 1-570] Preparing netlist for logic optimization
Parsing XDC File [d:/Programs/Computer_Systems_Design/lab1/activecore-master/designs/rtl/udm/syn/NEXYS4_DDR/NEXYS4_DDR.srcs/sources_1/ip/sys_clk/sys_clk_board.xdc] for cell 'sys_clk_inst/inst'
Finished Parsing XDC File [d:/Programs/Computer_Systems_Design/lab1/activecore-master/designs/rtl/udm/syn/NEXYS4_DDR/NEXYS4_DDR.srcs/sources_1/ip/sys_clk/sys_clk_board.xdc] for cell 'sys_clk_inst/inst'
Parsing XDC File [d:/Programs/Computer_Systems_Design/lab1/activecore-master/designs/rtl/udm/syn/NEXYS4_DDR/NEXYS4_DDR.srcs/sources_1/ip/sys_clk/sys_clk.xdc] for cell 'sys_clk_inst/inst'
INFO: [Timing 38-35] Done setting XDC timing constraints. [d:/Programs/Computer_Systems_Design/lab1/activecore-master/designs/rtl/udm/syn/NEXYS4_DDR/NEXYS4_DDR.srcs/sources_1/ip/sys_clk/sys_clk.xdc:57]
INFO: [Timing 38-2] Deriving generated clocks [d:/Programs/Computer_Systems_Design/lab1/activecore-master/designs/rtl/udm/syn/NEXYS4_DDR/NEXYS4_DDR.srcs/sources_1/ip/sys_clk/sys_clk.xdc:57]
get_clocks: Time (s): cpu = 00:00:09 ; elapsed = 00:00:09 . Memory (MB): peak = 1354.020 ; gain = 581.996
Finished Parsing XDC File [d:/Programs/Computer_Systems_Design/lab1/activecore-master/designs/rtl/udm/syn/NEXYS4_DDR/NEXYS4_DDR.srcs/sources_1/ip/sys_clk/sys_clk.xdc] for cell 'sys_clk_inst/inst'
Parsing XDC File [D:/Programs/Computer_Systems_Design/lab1/activecore-master/designs/rtl/udm/syn/NEXYS4_DDR/NEXYS4_DDR.xdc]
Finished Parsing XDC File [D:/Programs/Computer_Systems_Design/lab1/activecore-master/designs/rtl/udm/syn/NEXYS4_DDR/NEXYS4_DDR.xdc]
INFO: [Opt 31-138] Pushed 0 inverter(s) to 0 load pin(s).
Netlist sorting complete. Time (s): cpu = 00:00:00 ; elapsed = 00:00:00.001 . Memory (MB): peak = 1354.020 ; gain = 0.000
INFO: [Project 1-111] Unisim Transformation Summary:
No Unisim elements were transformed.

10 Infos, 0 Warnings, 0 Critical Warnings and 0 Errors encountered.
link_design completed successfully
link_design: Time (s): cpu = 00:00:15 ; elapsed = 00:00:17 . Memory (MB): peak = 1354.020 ; gain = 965.164
Command: opt_design
Attempting to get a license for feature 'Implementation' and/or device 'xc7a100t'
INFO: [Common 17-349] Got license for feature 'Implementation' and/or device 'xc7a100t'
Running DRC as a precondition to command opt_design

Starting DRC Task
INFO: [DRC 23-27] Running DRC with 2 threads
INFO: [Project 1-461] DRC finished with 0 Errors
INFO: [Project 1-462] Please refer to the DRC report (report_drc) for more information.

Time (s): cpu = 00:00:01 ; elapsed = 00:00:00.675 . Memory (MB): peak = 1354.020 ; gain = 0.000

Starting Cache Timing Information Task
INFO: [Timing 38-35] Done setting XDC timing constraints.
INFO: [Timing 38-2] Deriving generated clocks
Ending Cache Timing Information Task | Checksum: 1008948d9

Time (s): cpu = 00:00:00 ; elapsed = 00:00:00.064 . Memory (MB): peak = 1370.387 ; gain = 16.367

Starting Logic Optimization Task

Phase 1 Retarget
INFO: [Opt 31-138] Pushed 1 inverter(s) to 1 load pin(s).
INFO: [Opt 31-49] Retargeted 0 cell(s).
Phase 1 Retarget | Checksum: 1f5bbceda

Time (s): cpu = 00:00:00 ; elapsed = 00:00:00.083 . Memory (MB): peak = 1498.516 ; gain = 0.000
INFO: [Opt 31-389] Phase Retarget created 0 cells and removed 1 cells
INFO: [Opt 31-1021] In phase Retarget, 1 netlist objects are constrained preventing optimization. Please run opt_design with -debug_log to get more detail. 

Phase 2 Constant propagation
INFO: [Opt 31-138] Pushed 0 inverter(s) to 0 load pin(s).
Phase 2 Constant propagation | Checksum: 1b6bd6f80

Time (s): cpu = 00:00:00 ; elapsed = 00:00:00.097 . Memory (MB): peak = 1498.516 ; gain = 0.000
INFO: [Opt 31-389] Phase Constant propagation created 0 cells and removed 0 cells

Phase 3 Sweep
Phase 3 Sweep | Checksum: 1cd8a299e

Time (s): cpu = 00:00:00 ; elapsed = 00:00:00.125 . Memory (MB): peak = 1498.516 ; gain = 0.000
INFO: [Opt 31-389] Phase Sweep created 0 cells and removed 0 cells

Phase 4 BUFG optimization
Phase 4 BUFG optimization | Checksum: 1cd8a299e

Time (s): cpu = 00:00:00 ; elapsed = 00:00:00.147 . Memory (MB): peak = 1498.516 ; gain = 0.000
INFO: [Opt 31-662] Phase BUFG optimization created 0 cells of which 0 are BUFGs and removed 0 cells.

Phase 5 Shift Register Optimization
INFO: [Opt 31-1064] SRL Remap converted 0 SRLs to 0 registers and converted 0 registers of register chains to 0 SRLs
Phase 5 Shift Register Optimization | Checksum: 1cd8a299e

Time (s): cpu = 00:00:00 ; elapsed = 00:00:00.161 . Memory (MB): peak = 1498.516 ; gain = 0.000
INFO: [Opt 31-389] Phase Shift Register Optimization created 0 cells and removed 0 cells

Phase 6 Post Processing Netlist
Phase 6 Post Processing Netlist | Checksum: 1cd8a299e

Time (s): cpu = 00:00:00 ; elapsed = 00:00:00.166 . Memory (MB): peak = 1498.516 ; gain = 0.000
INFO: [Opt 31-389] Phase Post Processing Netlist created 0 cells and removed 0 cells
Opt_design Change Summary
=========================


-------------------------------------------------------------------------------------------------------------------------
|  Phase                        |  #Cells created  |  #Cells Removed  |  #Constrained objects preventing optimizations  |
-------------------------------------------------------------------------------------------------------------------------
|  Retarget                     |               0  |               1  |                                              1  |
|  Constant propagation         |               0  |               0  |                                              0  |
|  Sweep                        |               0  |               0  |                                              0  |
|  BUFG optimization            |               0  |               0  |                                              0  |
|  Shift Register Optimization  |               0  |               0  |                                              0  |
|  Post Processing Netlist      |               0  |               0  |                                              0  |
-------------------------------------------------------------------------------------------------------------------------



Starting Connectivity Check Task

Time (s): cpu = 00:00:00 ; elapsed = 00:00:00.002 . Memory (MB): peak = 1498.516 ; gain = 0.000
Ending Logic Optimization Task | Checksum: 1e271d9d6

Time (s): cpu = 00:00:00 ; elapsed = 00:00:00.206 . Memory (MB): peak = 1498.516 ; gain = 0.000

Starting Power Optimization Task
INFO: [Pwropt 34-132] Skipping clock gating for clocks with a period < 2.00 ns.
Ending Power Optimization Task | Checksum: 1e271d9d6

Time (s): cpu = 00:00:00 ; elapsed = 00:00:00.008 . Memory (MB): peak = 1498.516 ; gain = 0.000

Starting Final Cleanup Task
Ending Final Cleanup Task | Checksum: 1e271d9d6

Time (s): cpu = 00:00:00 ; elapsed = 00:00:00 . Memory (MB): peak = 1498.516 ; gain = 0.000

Starting Netlist Obfuscation Task
Netlist sorting complete. Time (s): cpu = 00:00:00 ; elapsed = 00:00:00.001 . Memory (MB): peak = 1498.516 ; gain = 0.000
Ending Netlist Obfuscation Task | Checksum: 1e271d9d6

Time (s): cpu = 00:00:00 ; elapsed = 00:00:00.001 . Memory (MB): peak = 1498.516 ; gain = 0.000
INFO: [Common 17-83] Releasing license: Implementation
29 Infos, 0 Warnings, 0 Critical Warnings and 0 Errors encountered.
opt_design completed successfully
Netlist sorting complete. Time (s): cpu = 00:00:00 ; elapsed = 00:00:00 . Memory (MB): peak = 1498.516 ; gain = 0.000
INFO: [Timing 38-480] Writing timing data to binary archive.
Writing placer database...
Writing XDEF routing.
Writing XDEF routing logical nets.
Writing XDEF routing special nets.
Write XDEF Complete: Time (s): cpu = 00:00:00 ; elapsed = 00:00:00.030 . Memory (MB): peak = 1498.516 ; gain = 0.000
INFO: [Common 17-1381] The checkpoint 'D:/Programs/Computer_Systems_Design/lab1/activecore-master/designs/rtl/udm/syn/NEXYS4_DDR/NEXYS4_DDR.runs/impl_1/NEXYS4_DDR_opt.dcp' has been generated.
INFO: [runtcl-4] Executing : report_drc -file NEXYS4_DDR_drc_opted.rpt -pb NEXYS4_DDR_drc_opted.pb -rpx NEXYS4_DDR_drc_opted.rpx
Command: report_drc -file NEXYS4_DDR_drc_opted.rpt -pb NEXYS4_DDR_drc_opted.pb -rpx NEXYS4_DDR_drc_opted.rpx
INFO: [IP_Flow 19-1839] IP Catalog is up to date.
INFO: [DRC 23-27] Running DRC with 2 threads
INFO: [Coretcl 2-168] The results of DRC are in file D:/Programs/Computer_Systems_Design/lab1/activecore-master/designs/rtl/udm/syn/NEXYS4_DDR/NEXYS4_DDR.runs/impl_1/NEXYS4_DDR_drc_opted.rpt.
report_drc completed successfully
Command: place_design
Attempting to get a license for feature 'Implementation' and/or device 'xc7a100t'
INFO: [Common 17-349] Got license for feature 'Implementation' and/or device 'xc7a100t'
INFO: [DRC 23-27] Running DRC with 2 threads
INFO: [Vivado_Tcl 4-198] DRC finished with 0 Errors
INFO: [Vivado_Tcl 4-199] Please refer to the DRC report (report_drc) for more information.
Running DRC as a precondition to command place_design
INFO: [DRC 23-27] Running DRC with 2 threads
INFO: [Vivado_Tcl 4-198] DRC finished with 0 Errors
INFO: [Vivado_Tcl 4-199] Please refer to the DRC report (report_drc) for more information.

Starting Placer Task
INFO: [Place 30-611] Multithreading enabled for place_design using a maximum of 2 CPUs

Phase 1 Placer Initialization

Phase 1.1 Placer Initialization Netlist Sorting
Netlist sorting complete. Time (s): cpu = 00:00:00 ; elapsed = 00:00:00.001 . Memory (MB): peak = 1498.516 ; gain = 0.000
Phase 1.1 Placer Initialization Netlist Sorting | Checksum: 111c710f7

Time (s): cpu = 00:00:00 ; elapsed = 00:00:00.004 . Memory (MB): peak = 1498.516 ; gain = 0.000
Netlist sorting complete. Time (s): cpu = 00:00:00 ; elapsed = 00:00:00 . Memory (MB): peak = 1498.516 ; gain = 0.000

Phase 1.2 IO Placement/ Clock Placement/ Build Placer Device
INFO: [Timing 38-35] Done setting XDC timing constraints.
Phase 1.2 IO Placement/ Clock Placement/ Build Placer Device | Checksum: 1bf699617

Time (s): cpu = 00:00:01 ; elapsed = 00:00:00.841 . Memory (MB): peak = 1498.516 ; gain = 0.000

Phase 1.3 Build Placer Netlist Model
Phase 1.3 Build Placer Netlist Model | Checksum: 1fe22d025

Time (s): cpu = 00:00:01 ; elapsed = 00:00:01 . Memory (MB): peak = 1499.324 ; gain = 0.809

Phase 1.4 Constrain Clocks/Macros
Phase 1.4 Constrain Clocks/Macros | Checksum: 1fe22d025

Time (s): cpu = 00:00:01 ; elapsed = 00:00:01 . Memory (MB): peak = 1499.324 ; gain = 0.809
Phase 1 Placer Initialization | Checksum: 1fe22d025

Time (s): cpu = 00:00:01 ; elapsed = 00:00:01 . Memory (MB): peak = 1499.324 ; gain = 0.809

Phase 2 Global Placement

Phase 2.1 Floorplanning
Phase 2.1 Floorplanning | Checksum: 2155a31bb

Time (s): cpu = 00:00:02 ; elapsed = 00:00:01 . Memory (MB): peak = 1499.324 ; gain = 0.809

Phase 2.2 Global Placement Core

Phase 2.2.1 Physical Synthesis In Placer
INFO: [Physopt 32-65] No nets found for high-fanout optimization.
INFO: [Physopt 32-232] Optimized 0 net. Created 0 new instance.
INFO: [Physopt 32-775] End 1 Pass. Optimized 0 net or cell. Created 0 new cell, deleted 0 existing cell and moved 0 existing cell
INFO: [Physopt 32-456] No candidate cells for DSP register optimization found in the design.
INFO: [Physopt 32-775] End 2 Pass. Optimized 0 net or cell. Created 0 new cell, deleted 0 existing cell and moved 0 existing cell
INFO: [Physopt 32-677] No candidate cells for Shift Register optimization found in the design
INFO: [Physopt 32-775] End 1 Pass. Optimized 0 net or cell. Created 0 new cell, deleted 0 existing cell and moved 0 existing cell
INFO: [Physopt 32-526] No candidate cells for BRAM register optimization found in the design
INFO: [Physopt 32-775] End 1 Pass. Optimized 0 net or cell. Created 0 new cell, deleted 0 existing cell and moved 0 existing cell
INFO: [Physopt 32-949] No candidate nets found for HD net replication
INFO: [Physopt 32-775] End 1 Pass. Optimized 0 net or cell. Created 0 new cell, deleted 0 existing cell and moved 0 existing cell
Netlist sorting complete. Time (s): cpu = 00:00:00 ; elapsed = 00:00:00.001 . Memory (MB): peak = 1499.324 ; gain = 0.000

Summary of Physical Synthesis Optimizations
============================================


----------------------------------------------------------------------------------------------------------------------------------------
|  Optimization                  |  Added Cells  |  Removed Cells  |  Optimized Cells/Nets  |  Dont Touch  |  Iterations  |  Elapsed   |
----------------------------------------------------------------------------------------------------------------------------------------
|  Very High Fanout              |            0  |              0  |                     0  |           0  |           1  |  00:00:00  |
|  DSP Register                  |            0  |              0  |                     0  |           0  |           1  |  00:00:00  |
|  Shift Register                |            0  |              0  |                     0  |           0  |           1  |  00:00:00  |
|  BRAM Register                 |            0  |              0  |                     0  |           0  |           1  |  00:00:00  |
|  HD Interface Net Replication  |            0  |              0  |                     0  |           0  |           1  |  00:00:00  |
|  Total                         |            0  |              0  |                     0  |           0  |           5  |  00:00:00  |
----------------------------------------------------------------------------------------------------------------------------------------


Phase 2.2.1 Physical Synthesis In Placer | Checksum: 1ffc98056

Time (s): cpu = 00:00:10 ; elapsed = 00:00:05 . Memory (MB): peak = 1499.324 ; gain = 0.809
Phase 2.2 Global Placement Core | Checksum: 2b4843c95

Time (s): cpu = 00:00:10 ; elapsed = 00:00:05 . Memory (MB): peak = 1499.324 ; gain = 0.809
Phase 2 Global Placement | Checksum: 2b4843c95

Time (s): cpu = 00:00:10 ; elapsed = 00:00:05 . Memory (MB): peak = 1499.324 ; gain = 0.809

Phase 3 Detail Placement

Phase 3.1 Commit Multi Column Macros
Phase 3.1 Commit Multi Column Macros | Checksum: 2ab2b8cb1

Time (s): cpu = 00:00:10 ; elapsed = 00:00:05 . Memory (MB): peak = 1499.324 ; gain = 0.809

Phase 3.2 Commit Most Macros & LUTRAMs
Phase 3.2 Commit Most Macros & LUTRAMs | Checksum: 286ef748f

Time (s): cpu = 00:00:11 ; elapsed = 00:00:06 . Memory (MB): peak = 1499.324 ; gain = 0.809

Phase 3.3 Area Swap Optimization
Phase 3.3 Area Swap Optimization | Checksum: 2852f20ec

Time (s): cpu = 00:00:11 ; elapsed = 00:00:06 . Memory (MB): peak = 1499.324 ; gain = 0.809

Phase 3.4 Pipeline Register Optimization
Phase 3.4 Pipeline Register Optimization | Checksum: 241793713

Time (s): cpu = 00:00:11 ; elapsed = 00:00:06 . Memory (MB): peak = 1499.324 ; gain = 0.809

Phase 3.5 Fast Optimization
Phase 3.5 Fast Optimization | Checksum: 2b77a11a5

Time (s): cpu = 00:00:14 ; elapsed = 00:00:09 . Memory (MB): peak = 1499.324 ; gain = 0.809

Phase 3.6 Small Shape Detail Placement
Phase 3.6 Small Shape Detail Placement | Checksum: 16379eda9

Time (s): cpu = 00:00:15 ; elapsed = 00:00:10 . Memory (MB): peak = 1499.324 ; gain = 0.809

Phase 3.7 Re-assign LUT pins
Phase 3.7 Re-assign LUT pins | Checksum: 2081ca9c1

Time (s): cpu = 00:00:15 ; elapsed = 00:00:10 . Memory (MB): peak = 1499.324 ; gain = 0.809

Phase 3.8 Pipeline Register Optimization
Phase 3.8 Pipeline Register Optimization | Checksum: 180f0bf85

Time (s): cpu = 00:00:15 ; elapsed = 00:00:10 . Memory (MB): peak = 1499.324 ; gain = 0.809

Phase 3.9 Fast Optimization
Phase 3.9 Fast Optimization | Checksum: 258e07be1

Time (s): cpu = 00:00:20 ; elapsed = 00:00:15 . Memory (MB): peak = 1499.324 ; gain = 0.809
Phase 3 Detail Placement | Checksum: 258e07be1

Time (s): cpu = 00:00:20 ; elapsed = 00:00:15 . Memory (MB): peak = 1499.324 ; gain = 0.809

Phase 4 Post Placement Optimization and Clean-Up

Phase 4.1 Post Commit Optimization
INFO: [Timing 38-35] Done setting XDC timing constraints.

Phase 4.1.1 Post Placement Optimization
Post Placement Optimization Initialization | Checksum: 1acaee56f

Phase 4.1.1.1 BUFG Insertion
INFO: [Place 46-56] BUFG insertion identified 0 candidate nets. Inserted BUFG: 0, Replicated BUFG Driver: 0, Skipped due to Placement/Routing Conflicts: 0, Skipped due to Timing Degradation: 0, Skipped due to Illegal Netlist: 0.
Phase 4.1.1.1 BUFG Insertion | Checksum: 1acaee56f

Time (s): cpu = 00:00:20 ; elapsed = 00:00:15 . Memory (MB): peak = 1510.199 ; gain = 11.684
INFO: [Place 30-746] Post Placement Timing Summary WNS=-8.790. For the most accurate timing information please run report_timing.
Phase 4.1.1 Post Placement Optimization | Checksum: 1a7ef9e2d

Time (s): cpu = 00:00:39 ; elapsed = 00:00:35 . Memory (MB): peak = 1510.199 ; gain = 11.684
Phase 4.1 Post Commit Optimization | Checksum: 1a7ef9e2d

Time (s): cpu = 00:00:39 ; elapsed = 00:00:35 . Memory (MB): peak = 1510.199 ; gain = 11.684

Phase 4.2 Post Placement Cleanup
Phase 4.2 Post Placement Cleanup | Checksum: 1a7ef9e2d

Time (s): cpu = 00:00:39 ; elapsed = 00:00:35 . Memory (MB): peak = 1510.199 ; gain = 11.684

Phase 4.3 Placer Reporting
Phase 4.3 Placer Reporting | Checksum: 1a7ef9e2d

Time (s): cpu = 00:00:39 ; elapsed = 00:00:35 . Memory (MB): peak = 1510.199 ; gain = 11.684

Phase 4.4 Final Placement Cleanup
Netlist sorting complete. Time (s): cpu = 00:00:00 ; elapsed = 00:00:00 . Memory (MB): peak = 1510.199 ; gain = 0.000
Phase 4.4 Final Placement Cleanup | Checksum: 187bfd55b

Time (s): cpu = 00:00:39 ; elapsed = 00:00:35 . Memory (MB): peak = 1510.199 ; gain = 11.684
Phase 4 Post Placement Optimization and Clean-Up | Checksum: 187bfd55b

Time (s): cpu = 00:00:39 ; elapsed = 00:00:35 . Memory (MB): peak = 1510.199 ; gain = 11.684
Ending Placer Task | Checksum: 124214ff8

Time (s): cpu = 00:00:39 ; elapsed = 00:00:35 . Memory (MB): peak = 1510.199 ; gain = 11.684
INFO: [Common 17-83] Releasing license: Implementation
59 Infos, 0 Warnings, 0 Critical Warnings and 0 Errors encountered.
place_design completed successfully
place_design: Time (s): cpu = 00:00:40 ; elapsed = 00:00:36 . Memory (MB): peak = 1510.199 ; gain = 11.684
Netlist sorting complete. Time (s): cpu = 00:00:00 ; elapsed = 00:00:00.001 . Memory (MB): peak = 1510.199 ; gain = 0.000
INFO: [Timing 38-480] Writing timing data to binary archive.
Writing placer database...
Writing XDEF routing.
Writing XDEF routing logical nets.
Writing XDEF routing special nets.
Write XDEF Complete: Time (s): cpu = 00:00:00 ; elapsed = 00:00:00.109 . Memory (MB): peak = 1511.094 ; gain = 0.895
INFO: [Common 17-1381] The checkpoint 'D:/Programs/Computer_Systems_Design/lab1/activecore-master/designs/rtl/udm/syn/NEXYS4_DDR/NEXYS4_DDR.runs/impl_1/NEXYS4_DDR_placed.dcp' has been generated.
INFO: [runtcl-4] Executing : report_io -file NEXYS4_DDR_io_placed.rpt
report_io: Time (s): cpu = 00:00:00 ; elapsed = 00:00:00.046 . Memory (MB): peak = 1511.094 ; gain = 0.000
INFO: [runtcl-4] Executing : report_utilization -file NEXYS4_DDR_utilization_placed.rpt -pb NEXYS4_DDR_utilization_placed.pb
INFO: [runtcl-4] Executing : report_control_sets -verbose -file NEXYS4_DDR_control_sets_placed.rpt
report_control_sets: Time (s): cpu = 00:00:00 ; elapsed = 00:00:00.015 . Memory (MB): peak = 1511.094 ; gain = 0.000
Command: route_design
Attempting to get a license for feature 'Implementation' and/or device 'xc7a100t'
INFO: [Common 17-349] Got license for feature 'Implementation' and/or device 'xc7a100t'
Running DRC as a precondition to command route_design
INFO: [DRC 23-27] Running DRC with 2 threads
INFO: [Vivado_Tcl 4-198] DRC finished with 0 Errors
INFO: [Vivado_Tcl 4-199] Please refer to the DRC report (report_drc) for more information.


Starting Routing Task
INFO: [Route 35-254] Multithreading enabled for route_design using a maximum of 2 CPUs
Checksum: PlaceDB: 54e682da ConstDB: 0 ShapeSum: cf3acd1e RouteDB: 0

Phase 1 Build RT Design
Phase 1 Build RT Design | Checksum: 1b15d00ab

Time (s): cpu = 00:00:31 ; elapsed = 00:00:27 . Memory (MB): peak = 1644.820 ; gain = 122.684
Post Restoration Checksum: NetGraph: efb3d8cd NumContArr: c1a927de Constraints: 0 Timing: 0

Phase 2 Router Initialization

Phase 2.1 Create Timer
Phase 2.1 Create Timer | Checksum: 1b15d00ab

Time (s): cpu = 00:00:31 ; elapsed = 00:00:27 . Memory (MB): peak = 1676.836 ; gain = 154.699

Phase 2.2 Fix Topology Constraints
Phase 2.2 Fix Topology Constraints | Checksum: 1b15d00ab

Time (s): cpu = 00:00:31 ; elapsed = 00:00:27 . Memory (MB): peak = 1683.785 ; gain = 161.648

Phase 2.3 Pre Route Cleanup
Phase 2.3 Pre Route Cleanup | Checksum: 1b15d00ab

Time (s): cpu = 00:00:31 ; elapsed = 00:00:27 . Memory (MB): peak = 1683.785 ; gain = 161.648
 Number of Nodes with overlaps = 0

Phase 2.4 Update Timing
Phase 2.4 Update Timing | Checksum: 124cf4ad6

Time (s): cpu = 00:00:31 ; elapsed = 00:00:28 . Memory (MB): peak = 1691.918 ; gain = 169.781
INFO: [Route 35-416] Intermediate Timing Summary | WNS=-8.259 | TNS=-130.768| WHS=-0.215 | THS=-33.287|

Phase 2 Router Initialization | Checksum: ac66c923

Time (s): cpu = 00:00:32 ; elapsed = 00:00:28 . Memory (MB): peak = 1691.918 ; gain = 169.781

Router Utilization Summary
  Global Vertical Routing Utilization    = 0 %
  Global Horizontal Routing Utilization  = 0 %
  Routable Net Status*
  *Does not include unroutable nets such as driverless and loadless.
  Run report_route_status for detailed report.
  Number of Failed Nets               = 1031
    (Failed Nets is the sum of unrouted and partially routed nets)
  Number of Unrouted Nets             = 1031
  Number of Partially Routed Nets     = 0
  Number of Node Overlaps             = 0


Phase 3 Initial Routing
Phase 3 Initial Routing | Checksum: 1273ea588

Time (s): cpu = 00:00:32 ; elapsed = 00:00:28 . Memory (MB): peak = 1692.414 ; gain = 170.277
INFO: [Route 35-580] Design has 16 pins with tight setup and hold constraints.

The top 5 pins with tight setup and hold constraints:

+--------------------------+--------------------------+----------------------------------------------------------------------------------------------------------+
|       Launch Clock       |      Capture Clock       |                                                 Pin                                                      |
+--------------------------+--------------------------+----------------------------------------------------------------------------------------------------------+
|       clk_out1_sys_clk_1 |         clk_out1_sys_clk |                                                                   udm/udm_controller/RD_DATA_reg_reg[0]/D|
|       clk_out1_sys_clk_1 |         clk_out1_sys_clk |                                                                  udm/udm_controller/RD_DATA_reg_reg[15]/D|
|       clk_out1_sys_clk_1 |         clk_out1_sys_clk |                                                                  udm/udm_controller/RD_DATA_reg_reg[14]/D|
|       clk_out1_sys_clk_1 |         clk_out1_sys_clk |                                                                  udm/udm_controller/RD_DATA_reg_reg[13]/D|
|       clk_out1_sys_clk_1 |         clk_out1_sys_clk |                                                                  udm/udm_controller/RD_DATA_reg_reg[11]/D|
+--------------------------+--------------------------+----------------------------------------------------------------------------------------------------------+

File with complete list of pins: tight_setup_hold_pins.txt


Phase 4 Rip-up And Reroute

Phase 4.1 Global Iteration 0
 Number of Nodes with overlaps = 463
 Number of Nodes with overlaps = 188
 Number of Nodes with overlaps = 81
 Number of Nodes with overlaps = 36
 Number of Nodes with overlaps = 23
 Number of Nodes with overlaps = 5
 Number of Nodes with overlaps = 1
 Number of Nodes with overlaps = 0
INFO: [Route 35-416] Intermediate Timing Summary | WNS=-10.666| TNS=-168.906| WHS=N/A    | THS=N/A    |

Phase 4.1 Global Iteration 0 | Checksum: 110f9dbca

Time (s): cpu = 00:00:36 ; elapsed = 00:00:31 . Memory (MB): peak = 1692.414 ; gain = 170.277

Phase 4.2 Global Iteration 1
 Number of Nodes with overlaps = 434
 Number of Nodes with overlaps = 283
 Number of Nodes with overlaps = 177
 Number of Nodes with overlaps = 71
 Number of Nodes with overlaps = 47
 Number of Nodes with overlaps = 27
 Number of Nodes with overlaps = 2
 Number of Nodes with overlaps = 2
 Number of Nodes with overlaps = 2
 Number of Nodes with overlaps = 0
INFO: [Route 35-416] Intermediate Timing Summary | WNS=-9.834 | TNS=-155.742| WHS=N/A    | THS=N/A    |

Phase 4.2 Global Iteration 1 | Checksum: 2a72dd521

Time (s): cpu = 00:00:43 ; elapsed = 00:00:36 . Memory (MB): peak = 1692.418 ; gain = 170.281

Phase 4.3 Global Iteration 2
 Number of Nodes with overlaps = 321
 Number of Nodes with overlaps = 149
 Number of Nodes with overlaps = 79
 Number of Nodes with overlaps = 61
 Number of Nodes with overlaps = 44
 Number of Nodes with overlaps = 15
 Number of Nodes with overlaps = 14
 Number of Nodes with overlaps = 10
 Number of Nodes with overlaps = 11
 Number of Nodes with overlaps = 6
 Number of Nodes with overlaps = 5
 Number of Nodes with overlaps = 3
 Number of Nodes with overlaps = 0
INFO: [Route 35-416] Intermediate Timing Summary | WNS=-10.159| TNS=-160.818| WHS=N/A    | THS=N/A    |

Phase 4.3 Global Iteration 2 | Checksum: 2859d47d1

Time (s): cpu = 00:00:49 ; elapsed = 00:00:40 . Memory (MB): peak = 1692.418 ; gain = 170.281
Phase 4 Rip-up And Reroute | Checksum: 2859d47d1

Time (s): cpu = 00:00:49 ; elapsed = 00:00:40 . Memory (MB): peak = 1692.418 ; gain = 170.281

Phase 5 Delay and Skew Optimization

Phase 5.1 Delay CleanUp

Phase 5.1.1 Update Timing
Phase 5.1.1 Update Timing | Checksum: 23cb6e4e8

Time (s): cpu = 00:00:50 ; elapsed = 00:00:40 . Memory (MB): peak = 1692.418 ; gain = 170.281
INFO: [Route 35-416] Intermediate Timing Summary | WNS=-9.759 | TNS=-154.544| WHS=N/A    | THS=N/A    |

 Number of Nodes with overlaps = 0
Phase 5.1 Delay CleanUp | Checksum: 13c0ee8ca

Time (s): cpu = 00:00:50 ; elapsed = 00:00:40 . Memory (MB): peak = 1694.441 ; gain = 172.305

Phase 5.2 Clock Skew Optimization
Phase 5.2 Clock Skew Optimization | Checksum: 13c0ee8ca

Time (s): cpu = 00:00:50 ; elapsed = 00:00:40 . Memory (MB): peak = 1694.441 ; gain = 172.305
Phase 5 Delay and Skew Optimization | Checksum: 13c0ee8ca

Time (s): cpu = 00:00:50 ; elapsed = 00:00:40 . Memory (MB): peak = 1694.441 ; gain = 172.305

Phase 6 Post Hold Fix

Phase 6.1 Hold Fix Iter

Phase 6.1.1 Update Timing
Phase 6.1.1 Update Timing | Checksum: 128e6c276

Time (s): cpu = 00:00:50 ; elapsed = 00:00:40 . Memory (MB): peak = 1694.441 ; gain = 172.305
INFO: [Route 35-416] Intermediate Timing Summary | WNS=-9.730 | TNS=-153.960| WHS=0.057  | THS=0.000  |

Phase 6.1 Hold Fix Iter | Checksum: 128e6c276

Time (s): cpu = 00:00:50 ; elapsed = 00:00:40 . Memory (MB): peak = 1694.441 ; gain = 172.305
Phase 6 Post Hold Fix | Checksum: 128e6c276

Time (s): cpu = 00:00:50 ; elapsed = 00:00:40 . Memory (MB): peak = 1694.441 ; gain = 172.305

Phase 7 Route finalize

Router Utilization Summary
  Global Vertical Routing Utilization    = 0.178178 %
  Global Horizontal Routing Utilization  = 0.197926 %
  Routable Net Status*
  *Does not include unroutable nets such as driverless and loadless.
  Run report_route_status for detailed report.
  Number of Failed Nets               = 0
    (Failed Nets is the sum of unrouted and partially routed nets)
  Number of Unrouted Nets             = 0
  Number of Partially Routed Nets     = 0
  Number of Node Overlaps             = 0

Congestion Report
North Dir 1x1 Area, Max Cong = 30.6306%, No Congested Regions.
South Dir 1x1 Area, Max Cong = 57.6577%, No Congested Regions.
East Dir 1x1 Area, Max Cong = 44.1176%, No Congested Regions.
West Dir 1x1 Area, Max Cong = 42.6471%, No Congested Regions.

------------------------------
Reporting congestion hotspots
------------------------------
Direction: North
----------------
Congested clusters found at Level 0
Effective congestion level: 0 Aspect Ratio: 1 Sparse Ratio: 0
Direction: South
----------------
Congested clusters found at Level 0
Effective congestion level: 0 Aspect Ratio: 1 Sparse Ratio: 0
Direction: East
----------------
Congested clusters found at Level 0
Effective congestion level: 0 Aspect Ratio: 1 Sparse Ratio: 0
Direction: West
----------------
Congested clusters found at Level 0
Effective congestion level: 0 Aspect Ratio: 1 Sparse Ratio: 0

Phase 7 Route finalize | Checksum: d2e8640c

Time (s): cpu = 00:00:50 ; elapsed = 00:00:40 . Memory (MB): peak = 1694.441 ; gain = 172.305

Phase 8 Verifying routed nets

 Verification completed successfully
Phase 8 Verifying routed nets | Checksum: d2e8640c

Time (s): cpu = 00:00:50 ; elapsed = 00:00:40 . Memory (MB): peak = 1694.473 ; gain = 172.336

Phase 9 Depositing Routes
Phase 9 Depositing Routes | Checksum: e81d3969

Time (s): cpu = 00:00:50 ; elapsed = 00:00:41 . Memory (MB): peak = 1694.473 ; gain = 172.336

Phase 10 Post Router Timing
INFO: [Route 35-57] Estimated Timing Summary | WNS=-9.730 | TNS=-153.960| WHS=0.057  | THS=0.000  |

WARNING: [Route 35-328] Router estimated timing not met.
Resolution: For a complete and accurate timing signoff, report_timing_summary must be run after route_design. Alternatively, route_design can be run with the -timing_summary option to enable a complete timing signoff at the end of route_design.
Phase 10 Post Router Timing | Checksum: e81d3969

Time (s): cpu = 00:00:50 ; elapsed = 00:00:41 . Memory (MB): peak = 1694.473 ; gain = 172.336
INFO: [Route 35-16] Router Completed Successfully

Time (s): cpu = 00:00:50 ; elapsed = 00:00:41 . Memory (MB): peak = 1694.473 ; gain = 172.336

Routing Is Done.
INFO: [Common 17-83] Releasing license: Implementation
79 Infos, 1 Warnings, 0 Critical Warnings and 0 Errors encountered.
route_design completed successfully
route_design: Time (s): cpu = 00:00:52 ; elapsed = 00:00:41 . Memory (MB): peak = 1694.473 ; gain = 183.379
Netlist sorting complete. Time (s): cpu = 00:00:00 ; elapsed = 00:00:00 . Memory (MB): peak = 1694.473 ; gain = 0.000
INFO: [Timing 38-480] Writing timing data to binary archive.
Writing placer database...
Writing XDEF routing.
Writing XDEF routing logical nets.
Writing XDEF routing special nets.
Write XDEF Complete: Time (s): cpu = 00:00:00 ; elapsed = 00:00:00.131 . Memory (MB): peak = 1704.367 ; gain = 9.895
INFO: [Common 17-1381] The checkpoint 'D:/Programs/Computer_Systems_Design/lab1/activecore-master/designs/rtl/udm/syn/NEXYS4_DDR/NEXYS4_DDR.runs/impl_1/NEXYS4_DDR_routed.dcp' has been generated.
INFO: [runtcl-4] Executing : report_drc -file NEXYS4_DDR_drc_routed.rpt -pb NEXYS4_DDR_drc_routed.pb -rpx NEXYS4_DDR_drc_routed.rpx
Command: report_drc -file NEXYS4_DDR_drc_routed.rpt -pb NEXYS4_DDR_drc_routed.pb -rpx NEXYS4_DDR_drc_routed.rpx
INFO: [IP_Flow 19-1839] IP Catalog is up to date.
INFO: [DRC 23-27] Running DRC with 2 threads
INFO: [Coretcl 2-168] The results of DRC are in file D:/Programs/Computer_Systems_Design/lab1/activecore-master/designs/rtl/udm/syn/NEXYS4_DDR/NEXYS4_DDR.runs/impl_1/NEXYS4_DDR_drc_routed.rpt.
report_drc completed successfully
INFO: [runtcl-4] Executing : report_methodology -file NEXYS4_DDR_methodology_drc_routed.rpt -pb NEXYS4_DDR_methodology_drc_routed.pb -rpx NEXYS4_DDR_methodology_drc_routed.rpx
Command: report_methodology -file NEXYS4_DDR_methodology_drc_routed.rpt -pb NEXYS4_DDR_methodology_drc_routed.pb -rpx NEXYS4_DDR_methodology_drc_routed.rpx
INFO: [Timing 38-35] Done setting XDC timing constraints.
INFO: [DRC 23-133] Running Methodology with 2 threads
INFO: [Coretcl 2-1520] The results of Report Methodology are in file D:/Programs/Computer_Systems_Design/lab1/activecore-master/designs/rtl/udm/syn/NEXYS4_DDR/NEXYS4_DDR.runs/impl_1/NEXYS4_DDR_methodology_drc_routed.rpt.
report_methodology completed successfully
INFO: [runtcl-4] Executing : report_power -file NEXYS4_DDR_power_routed.rpt -pb NEXYS4_DDR_power_summary_routed.pb -rpx NEXYS4_DDR_power_routed.rpx
Command: report_power -file NEXYS4_DDR_power_routed.rpt -pb NEXYS4_DDR_power_summary_routed.pb -rpx NEXYS4_DDR_power_routed.rpx
INFO: [Timing 38-35] Done setting XDC timing constraints.
Running Vector-less Activity Propagation...

Finished Running Vector-less Activity Propagation
91 Infos, 1 Warnings, 0 Critical Warnings and 0 Errors encountered.
report_power completed successfully
INFO: [runtcl-4] Executing : report_route_status -file NEXYS4_DDR_route_status.rpt -pb NEXYS4_DDR_route_status.pb
INFO: [runtcl-4] Executing : report_timing_summary -max_paths 10 -file NEXYS4_DDR_timing_summary_routed.rpt -pb NEXYS4_DDR_timing_summary_routed.pb -rpx NEXYS4_DDR_timing_summary_routed.rpx -warn_on_violation 
INFO: [Timing 38-91] UpdateTimingParams: Speed grade: -3, Delay Type: min_max.
INFO: [Timing 38-191] Multithreading enabled for timing update using a maximum of 2 CPUs
CRITICAL WARNING: [Timing 38-282] The design failed to meet the timing requirements. Please see the timing summary report for details on the timing violations.
INFO: [runtcl-4] Executing : report_incremental_reuse -file NEXYS4_DDR_incremental_reuse_routed.rpt
INFO: [Vivado_Tcl 4-1062] Incremental flow is disabled. No incremental reuse Info to report.
INFO: [runtcl-4] Executing : report_clock_utilization -file NEXYS4_DDR_clock_utilization_routed.rpt
INFO: [runtcl-4] Executing : report_bus_skew -warn_on_violation -file NEXYS4_DDR_bus_skew_routed.rpt -pb NEXYS4_DDR_bus_skew_routed.pb -rpx NEXYS4_DDR_bus_skew_routed.rpx
INFO: [Timing 38-91] UpdateTimingParams: Speed grade: -3, Delay Type: min_max.
INFO: [Timing 38-191] Multithreading enabled for timing update using a maximum of 2 CPUs
INFO: [Common 17-206] Exiting Vivado at Thu Nov 28 23:35:31 2024...
